#
# There is insufficient memory for the Java Runtime Environment to continue.
# Native memory allocation (malloc) failed to allocate 1769168 bytes for Chunk::new
# Possible reasons:
#   The system is out of physical RAM or swap space
#   The process is running with CompressedOops enabled, and the Java Heap may be blocking the growth of the native heap
# Possible solutions:
#   Reduce memory load on the system
#   Increase physical memory or swap space
#   Check if swap backing store is full
#   Decrease Java heap size (-Xmx/-Xms)
#   Decrease number of Java threads
#   Decrease Java thread stack sizes (-Xss)
#   Set larger code cache with -XX:ReservedCodeCacheSize=
#   JVM is running with Unscaled Compressed Oops mode in which the Java heap is
#     placed in the first 4GB address space. The Java Heap base address is the
#     maximum limit for the native heap growth. Please use -XX:HeapBaseMinAddress
#     to set the Java Heap base and to place the Java Heap above 4GB virtual address.
# This output file may be truncated or incomplete.
#
#  Out of Memory Error (arena.cpp:195), pid=6884, tid=8896
#
# JRE version: Java(TM) SE Runtime Environment (16.0.2+7) (build 16.0.2+7-67)
# Java VM: Java HotSpot(TM) 64-Bit Server VM (16.0.2+7-67, mixed mode, sharing, tiered, compressed oops, compressed class ptrs, g1 gc, windows-amd64)
# No core dump will be written. Minidumps are not enabled by default on client versions of Windows
#

---------------  S U M M A R Y ------------

Command Line: --add-opens=java.base/java.util=ALL-UNNAMED --add-opens=java.base/java.lang=ALL-UNNAMED --add-opens=java.base/java.lang.invoke=ALL-UNNAMED --add-opens=java.base/java.util=ALL-UNNAMED --add-opens=java.prefs/java.util.prefs=ALL-UNNAMED --add-opens=java.prefs/java.util.prefs=ALL-UNNAMED --add-opens=java.base/java.nio.charset=ALL-UNNAMED --add-opens=java.base/java.net=ALL-UNNAMED --add-opens=java.base/java.util.concurrent.atomic=ALL-UNNAMED -XX:MaxMetaspaceSize=256m -XX:+HeapDumpOnOutOfMemoryError -Xms256m -Xmx512m -Dfile.encoding=x-windows-949 -Duser.country=KR -Duser.language=ko -Duser.variant org.gradle.launcher.daemon.bootstrap.GradleDaemon 7.1.1

Host: Intel(R) Core(TM) i3-7100U CPU @ 2.40GHz, 4 cores, 3G,  Windows 10 , 64 bit Build 19041 (10.0.19041.1023)
Time: Fri Aug 27 23:37:45 2021  Windows 10 , 64 bit Build 19041 (10.0.19041.1023) elapsed time: 240.161257 seconds (0d 0h 4m 0s)

---------------  T H R E A D  ---------------

Current thread (0x000001c81b081010):  JavaThread "C2 CompilerThread0" daemon [_thread_in_native, id=8896, stack(0x0000008d51f00000,0x0000008d52000000)]


Current CompileTask:
C2: 240161 18921       4       jdk.internal.loader.BuiltinClassLoader::loadClass (22 bytes)

Stack: [0x0000008d51f00000,0x0000008d52000000]
Native frames: (J=compiled Java code, j=interpreted, Vv=VM code, C=native code)
V  [jvm.dll+0x6681ca]
V  [jvm.dll+0x7c9e69]
V  [jvm.dll+0x7cb61e]
V  [jvm.dll+0x7cbc73]
V  [jvm.dll+0x242c55]
V  [jvm.dll+0xadeba]
V  [jvm.dll+0xae45c]
V  [jvm.dll+0x35a8d7]
V  [jvm.dll+0x324de1]
V  [jvm.dll+0x32428a]
V  [jvm.dll+0x215cec]
V  [jvm.dll+0x215100]
V  [jvm.dll+0x1a1beb]
V  [jvm.dll+0x225158]
V  [jvm.dll+0x22319c]
V  [jvm.dll+0x77fa62]
V  [jvm.dll+0x7795aa]
V  [jvm.dll+0x667066]
C  [ucrtbase.dll+0x21bb2]
C  [KERNEL32.DLL+0x17034]
C  [ntdll.dll+0x52651]


---------------  P R O C E S S  ---------------

Threads class SMR info:
_java_thread_list=0x000001c81f888ed0, length=87, elements={
0x000001c87fd141c0, 0x000001c81b066830, 0x000001c81b069af0, 0x000001c81b08dfe0,
0x000001c81b08e9f0, 0x000001c81b07dab0, 0x000001c81b0803d0, 0x000001c81b081010,
0x000001c81b081a10, 0x000001c81b0fd1e0, 0x000001c81bccb2a0, 0x000001c81bccf7d0,
0x000001c81cfe25d0, 0x000001c81d245060, 0x000001c81c82d5e0, 0x000001c81cb6f600,
0x000001c81d7d0490, 0x000001c81d19f900, 0x000001c81d944420, 0x000001c81d9c1f50,
0x000001c81d9c2f40, 0x000001c81d9c29f0, 0x000001c81d9c24a0, 0x000001c81d9c3490,
0x000001c81c06fac0, 0x000001c81c06bb00, 0x000001c81c06b5b0, 0x000001c81c070560,
0x000001c81c070010, 0x000001c81c071ff0, 0x000001c81c070ab0, 0x000001c81c071aa0,
0x000001c81c06e030, 0x000001c81c06caf0, 0x000001c81c06f020, 0x000001c81c072a90,
0x000001c81c071000, 0x000001c81c06d040, 0x000001c81c06c050, 0x000001c81c06e580,
0x000001c81bc29a90, 0x000001c81bc28aa0, 0x000001c81bc29fe0, 0x000001c81bc2dfa0,
0x000001c81bc28550, 0x000001c81bc2ba70, 0x000001c81bc29540, 0x000001c81bc2ca60,
0x000001c81bc2a530, 0x000001c81bc2bfc0, 0x000001c81bc2da50, 0x000001c81bc2cfb0,
0x000001c81bc2c510, 0x000001c81bc28ff0, 0x000001c81bc27560, 0x000001c81bc27010,
0x000001c81bc2e4f0, 0x000001c81bc2aa80, 0x000001c81bc2afd0, 0x000001c81bc2b520,
0x000001c81bc2d500, 0x000001c81bc26ac0, 0x000001c81bc27ab0, 0x000001c81bc28000,
0x000001c81e0c03b0, 0x000001c81e0b9970, 0x000001c81e0be920, 0x000001c81e0bb400,
0x000001c81e0b9ec0, 0x000001c81e0ba410, 0x000001c81e0bb950, 0x000001c81e0ba960,
0x000001c81e0b8980, 0x000001c81e0bbea0, 0x000001c81e0bfe60, 0x000001c81e0bee70,
0x000001c81e0b8ed0, 0x000001c81e0bf910, 0x000001c81e0bc3f0, 0x000001c81e0bc940,
0x000001c81e0bd3e0, 0x000001c81c06c5a0, 0x000001c82230e180, 0x000001c81d735070,
0x000001c820040480, 0x000001c82003f9e0, 0x000001c82230e6d0
}

Java Threads: ( => current thread )
  0x000001c87fd141c0 JavaThread "main" [_thread_blocked, id=22836, stack(0x0000008d51200000,0x0000008d51300000)]
  0x000001c81b066830 JavaThread "Reference Handler" daemon [_thread_blocked, id=16608, stack(0x0000008d51900000,0x0000008d51a00000)]
  0x000001c81b069af0 JavaThread "Finalizer" daemon [_thread_blocked, id=23472, stack(0x0000008d51a00000,0x0000008d51b00000)]
  0x000001c81b08dfe0 JavaThread "Signal Dispatcher" daemon [_thread_blocked, id=22892, stack(0x0000008d51b00000,0x0000008d51c00000)]
  0x000001c81b08e9f0 JavaThread "Attach Listener" daemon [_thread_blocked, id=15456, stack(0x0000008d51c00000,0x0000008d51d00000)]
  0x000001c81b07dab0 JavaThread "Service Thread" daemon [_thread_blocked, id=4332, stack(0x0000008d51d00000,0x0000008d51e00000)]
  0x000001c81b0803d0 JavaThread "Monitor Deflation Thread" daemon [_thread_blocked, id=8132, stack(0x0000008d51e00000,0x0000008d51f00000)]
=>0x000001c81b081010 JavaThread "C2 CompilerThread0" daemon [_thread_in_native, id=8896, stack(0x0000008d51f00000,0x0000008d52000000)]
  0x000001c81b081a10 JavaThread "C1 CompilerThread0" daemon [_thread_blocked, id=23272, stack(0x0000008d52000000,0x0000008d52100000)]
  0x000001c81b0fd1e0 JavaThread "Sweeper thread" daemon [_thread_blocked, id=17964, stack(0x0000008d52100000,0x0000008d52200000)]
  0x000001c81bccb2a0 JavaThread "Common-Cleaner" daemon [_thread_blocked, id=19208, stack(0x0000008d52200000,0x0000008d52300000)]
  0x000001c81bccf7d0 JavaThread "Notification Thread" daemon [_thread_blocked, id=19348, stack(0x0000008d52300000,0x0000008d52400000)]
  0x000001c81cfe25d0 JavaThread "Daemon health stats" [_thread_blocked, id=20332, stack(0x0000008d52800000,0x0000008d52900000)]
  0x000001c81d245060 JavaThread "Incoming local TCP Connector on port 53233" [_thread_in_native, id=17580, stack(0x0000008d52900000,0x0000008d52a00000)]
  0x000001c81c82d5e0 JavaThread "Daemon periodic checks" [_thread_blocked, id=12148, stack(0x0000008d52a00000,0x0000008d52b00000)]
  0x000001c81cb6f600 JavaThread "Daemon" [_thread_blocked, id=3008, stack(0x0000008d52b00000,0x0000008d52c00000)]
  0x000001c81d7d0490 JavaThread "Handler for socket connection from /127.0.0.1:53233 to /127.0.0.1:53234" [_thread_in_native, id=19244, stack(0x0000008d52c00000,0x0000008d52d00000)]
  0x000001c81d19f900 JavaThread "Cancel handler" [_thread_blocked, id=14220, stack(0x0000008d52d00000,0x0000008d52e00000)]
  0x000001c81d944420 JavaThread "Daemon worker" [_thread_in_vm, id=21508, stack(0x0000008d52e00000,0x0000008d52f00000)]
  0x000001c81d9c1f50 JavaThread "Asynchronous log dispatcher for DefaultDaemonConnection: socket connection from /127.0.0.1:53233 to /127.0.0.1:53234" [_thread_blocked, id=14900, stack(0x0000008d52f00000,0x0000008d53000000)]
  0x000001c81d9c2f40 JavaThread "Stdin handler" [_thread_blocked, id=5964, stack(0x0000008d53000000,0x0000008d53100000)]
  0x000001c81d9c29f0 JavaThread "Daemon client event forwarder" [_thread_blocked, id=20996, stack(0x0000008d53100000,0x0000008d53200000)]
  0x000001c81d9c24a0 JavaThread "Cache worker for journal cache (C:\Users\성은\.gradle\caches\journal-1)" [_thread_blocked, id=9780, stack(0x0000008d53200000,0x0000008d53300000)]
  0x000001c81d9c3490 JavaThread "File lock request listener" [_thread_in_native, id=8288, stack(0x0000008d53300000,0x0000008d53400000)]
  0x000001c81c06fac0 JavaThread "Cache worker for file hash cache (C:\Users\성은\.gradle\caches\7.1.1\fileHashes)" [_thread_blocked, id=20868, stack(0x0000008d53400000,0x0000008d53500000)]
  0x000001c81c06bb00 JavaThread "Cache worker for file hash cache (C:\Users\성은\Desktop\cafemate\back\.gradle\7.1.1\fileHashes)" [_thread_blocked, id=13456, stack(0x0000008d53500000,0x0000008d53600000)]
  0x000001c81c06b5b0 JavaThread "File watcher server" daemon [_thread_in_native, id=23464, stack(0x0000008d53600000,0x0000008d53700000)]
  0x000001c81c070560 JavaThread "File watcher consumer" daemon [_thread_blocked, id=16016, stack(0x0000008d53700000,0x0000008d53800000)]
  0x000001c81c070010 JavaThread "Cache worker for checksums cache (C:\Users\성은\Desktop\cafemate\back\.gradle\checksums)" [_thread_blocked, id=16060, stack(0x0000008d53800000,0x0000008d53900000)]
  0x000001c81c071ff0 JavaThread "Cache worker for execution history cache (C:\Users\성은\.gradle\caches\7.1.1\executionHistory)" [_thread_blocked, id=7876, stack(0x0000008d53b00000,0x0000008d53c00000)]
  0x000001c81c070ab0 JavaThread "jar transforms" [_thread_blocked, id=1432, stack(0x0000008d53c00000,0x0000008d53d00000)]
  0x000001c81c071aa0 JavaThread "jar transforms Thread 2" [_thread_blocked, id=1292, stack(0x0000008d53d00000,0x0000008d53e00000)]
  0x000001c81c06e030 JavaThread "Cache worker for file content cache (C:\Users\성은\.gradle\caches\7.1.1\fileContent)" [_thread_blocked, id=20076, stack(0x0000008d53e00000,0x0000008d53f00000)]
  0x000001c81c06caf0 JavaThread "Cache worker for dependencies-accessors (C:\Users\성은\Desktop\cafemate\back\.gradle\7.1.1\dependencies-accessors)" [_thread_blocked, id=19768, stack(0x0000008d53f00000,0x0000008d54000000)]
  0x000001c81c06f020 JavaThread "jar transforms Thread 3" [_thread_blocked, id=13568, stack(0x0000008d54100000,0x0000008d54200000)]
  0x000001c81c072a90 JavaThread "Unconstrained build operations" [_thread_blocked, id=18488, stack(0x0000008d50f00000,0x0000008d51000000)]
  0x000001c81c071000 JavaThread "Unconstrained build operations Thread 2" [_thread_blocked, id=20328, stack(0x0000008d54400000,0x0000008d54500000)]
  0x000001c81c06d040 JavaThread "Unconstrained build operations Thread 3" [_thread_blocked, id=20092, stack(0x0000008d54500000,0x0000008d54600000)]
  0x000001c81c06c050 JavaThread "Unconstrained build operations Thread 4" [_thread_blocked, id=22000, stack(0x0000008d54600000,0x0000008d54700000)]
  0x000001c81c06e580 JavaThread "Unconstrained build operations Thread 5" [_thread_blocked, id=3888, stack(0x0000008d54700000,0x0000008d54800000)]
  0x000001c81bc29a90 JavaThread "Unconstrained build operations Thread 6" [_thread_blocked, id=20448, stack(0x0000008d54800000,0x0000008d54900000)]
  0x000001c81bc28aa0 JavaThread "Unconstrained build operations Thread 7" [_thread_blocked, id=22416, stack(0x0000008d54900000,0x0000008d54a00000)]
  0x000001c81bc29fe0 JavaThread "Unconstrained build operations Thread 8" [_thread_blocked, id=23248, stack(0x0000008d54a00000,0x0000008d54b00000)]
  0x000001c81bc2dfa0 JavaThread "Unconstrained build operations Thread 9" [_thread_blocked, id=14280, stack(0x0000008d54b00000,0x0000008d54c00000)]
  0x000001c81bc28550 JavaThread "Unconstrained build operations Thread 10" [_thread_blocked, id=8088, stack(0x0000008d54e00000,0x0000008d54f00000)]
  0x000001c81bc2ba70 JavaThread "Unconstrained build operations Thread 11" [_thread_blocked, id=14596, stack(0x0000008d54f00000,0x0000008d55000000)]
  0x000001c81bc29540 JavaThread "Unconstrained build operations Thread 12" [_thread_blocked, id=8488, stack(0x0000008d55000000,0x0000008d55100000)]
  0x000001c81bc2ca60 JavaThread "Unconstrained build operations Thread 13" [_thread_blocked, id=19356, stack(0x0000008d55100000,0x0000008d55200000)]
  0x000001c81bc2a530 JavaThread "Unconstrained build operations Thread 14" [_thread_blocked, id=13556, stack(0x0000008d55200000,0x0000008d55300000)]
  0x000001c81bc2bfc0 JavaThread "Unconstrained build operations Thread 15" [_thread_blocked, id=11656, stack(0x0000008d55300000,0x0000008d55400000)]
  0x000001c81bc2da50 JavaThread "Unconstrained build operations Thread 16" [_thread_blocked, id=14960, stack(0x0000008d55400000,0x0000008d55500000)]
  0x000001c81bc2cfb0 JavaThread "Unconstrained build operations Thread 17" [_thread_blocked, id=13144, stack(0x0000008d55500000,0x0000008d55600000)]
  0x000001c81bc2c510 JavaThread "Unconstrained build operations Thread 18" [_thread_blocked, id=23104, stack(0x0000008d55600000,0x0000008d55700000)]
  0x000001c81bc28ff0 JavaThread "Unconstrained build operations Thread 19" [_thread_blocked, id=21552, stack(0x0000008d55700000,0x0000008d55800000)]
  0x000001c81bc27560 JavaThread "Unconstrained build operations Thread 20" [_thread_blocked, id=12068, stack(0x0000008d55800000,0x0000008d55900000)]
  0x000001c81bc27010 JavaThread "Unconstrained build operations Thread 21" [_thread_blocked, id=3076, stack(0x0000008d55900000,0x0000008d55a00000)]
  0x000001c81bc2e4f0 JavaThread "Unconstrained build operations Thread 22" [_thread_blocked, id=16576, stack(0x0000008d55a00000,0x0000008d55b00000)]
  0x000001c81bc2aa80 JavaThread "Unconstrained build operations Thread 23" [_thread_blocked, id=8412, stack(0x0000008d55b00000,0x0000008d55c00000)]
  0x000001c81bc2afd0 JavaThread "Unconstrained build operations Thread 24" [_thread_blocked, id=18900, stack(0x0000008d55c00000,0x0000008d55d00000)]
  0x000001c81bc2b520 JavaThread "Unconstrained build operations Thread 25" [_thread_blocked, id=16100, stack(0x0000008d55d00000,0x0000008d55e00000)]
  0x000001c81bc2d500 JavaThread "Unconstrained build operations Thread 26" [_thread_blocked, id=20716, stack(0x0000008d55e00000,0x0000008d55f00000)]
  0x000001c81bc26ac0 JavaThread "Unconstrained build operations Thread 27" [_thread_blocked, id=7192, stack(0x0000008d55f00000,0x0000008d56000000)]
  0x000001c81bc27ab0 JavaThread "Unconstrained build operations Thread 28" [_thread_blocked, id=2940, stack(0x0000008d56000000,0x0000008d56100000)]
  0x000001c81bc28000 JavaThread "Unconstrained build operations Thread 29" [_thread_blocked, id=20788, stack(0x0000008d56100000,0x0000008d56200000)]
  0x000001c81e0c03b0 JavaThread "Unconstrained build operations Thread 30" [_thread_blocked, id=22316, stack(0x0000008d56200000,0x0000008d56300000)]
  0x000001c81e0b9970 JavaThread "Unconstrained build operations Thread 31" [_thread_blocked, id=8572, stack(0x0000008d56300000,0x0000008d56400000)]
  0x000001c81e0be920 JavaThread "Unconstrained build operations Thread 32" [_thread_blocked, id=18472, stack(0x0000008d56400000,0x0000008d56500000)]
  0x000001c81e0bb400 JavaThread "Unconstrained build operations Thread 33" [_thread_blocked, id=12740, stack(0x0000008d56500000,0x0000008d56600000)]
  0x000001c81e0b9ec0 JavaThread "Unconstrained build operations Thread 34" [_thread_blocked, id=1232, stack(0x0000008d56600000,0x0000008d56700000)]
  0x000001c81e0ba410 JavaThread "Unconstrained build operations Thread 35" [_thread_blocked, id=6996, stack(0x0000008d56700000,0x0000008d56800000)]
  0x000001c81e0bb950 JavaThread "Unconstrained build operations Thread 36" [_thread_blocked, id=15396, stack(0x0000008d56800000,0x0000008d56900000)]
  0x000001c81e0ba960 JavaThread "jar transforms Thread 4" [_thread_blocked, id=13956, stack(0x0000008d56900000,0x0000008d56a00000)]
  0x000001c81e0b8980 JavaThread "Memory manager" [_thread_blocked, id=12368, stack(0x0000008d56a00000,0x0000008d56b00000)]
  0x000001c81e0bbea0 JavaThread "Unconstrained build operations Thread 37" [_thread_blocked, id=22176, stack(0x0000008d51000000,0x0000008d51100000)]
  0x000001c81e0bfe60 JavaThread "Unconstrained build operations Thread 38" [_thread_blocked, id=23160, stack(0x0000008d51100000,0x0000008d51200000)]
  0x000001c81e0bee70 JavaThread "Unconstrained build operations Thread 39" [_thread_blocked, id=23020, stack(0x0000008d56f00000,0x0000008d57000000)]
  0x000001c81e0b8ed0 JavaThread "Unconstrained build operations Thread 40" [_thread_blocked, id=19336, stack(0x0000008d57000000,0x0000008d57100000)]
  0x000001c81e0bf910 JavaThread "Cache worker for Java compile cache (C:\Users\성은\.gradle\caches\7.1.1\javaCompile)" [_thread_blocked, id=14168, stack(0x0000008d57100000,0x0000008d57200000)]
  0x000001c81e0bc3f0 JavaThread "Build operations" [_thread_blocked, id=13552, stack(0x0000008d57200000,0x0000008d57300000)]
  0x000001c81e0bc940 JavaThread "Build operations Thread 2" [_thread_blocked, id=1940, stack(0x0000008d57300000,0x0000008d57400000)]
  0x000001c81e0bd3e0 JavaThread "Build operations Thread 3" [_thread_blocked, id=21020, stack(0x0000008d57400000,0x0000008d57500000)]
  0x000001c81c06c5a0 JavaThread "Build operations Thread 4" [_thread_blocked, id=22708, stack(0x0000008d57500000,0x0000008d57600000)]
  0x000001c82230e180 JavaThread "Exec process" [_thread_blocked, id=15320, stack(0x0000008d57900000,0x0000008d57a00000)]
  0x000001c81d735070 JavaThread "Exec process Thread 2" [_thread_blocked, id=24264, stack(0x0000008d57b00000,0x0000008d57c00000)]
  0x000001c820040480 JavaThread "Exec process Thread 3" [_thread_blocked, id=24260, stack(0x0000008d57c00000,0x0000008d57d00000)]
  0x000001c82003f9e0 JavaThread "Exec process Thread 4" [_thread_blocked, id=19468, stack(0x0000008d57d00000,0x0000008d57e00000)]
  0x000001c82230e6d0 Thread [stack: 0x0000008d53900000,0x0000008d53a00000] [id=21656]

Other Threads:
  0x000001c81b060680 VMThread "VM Thread" [stack: 0x0000008d51800000,0x0000008d51900000] [id=17948]
  0x000001c81bcd0d00 WatcherThread [stack: 0x0000008d52400000,0x0000008d52500000] [id=20992]
  0x000001c87fd39dd0 GCTaskThread "GC Thread#0" [stack: 0x0000008d51300000,0x0000008d51400000] [id=19964]
  0x000001c81c00a0a0 GCTaskThread "GC Thread#1" [stack: 0x0000008d52500000,0x0000008d52600000] [id=14608]
  0x000001c81c120520 GCTaskThread "GC Thread#2" [stack: 0x0000008d52600000,0x0000008d52700000] [id=13904]
  0x000001c81c120830 GCTaskThread "GC Thread#3" [stack: 0x0000008d52700000,0x0000008d52800000] [id=11444]
  0x000001c87fd3fbd0 ConcurrentGCThread "G1 Main Marker" [stack: 0x0000008d51400000,0x0000008d51500000] [id=7064]
  0x000001c87fd403f0 ConcurrentGCThread "G1 Conc#0" [stack: 0x0000008d51500000,0x0000008d51600000] [id=19988]
  0x000001c81af204a0 ConcurrentGCThread "G1 Refine#0" [stack: 0x0000008d51600000,0x0000008d51700000] [id=16020]
  0x000001c81da6f040 ConcurrentGCThread "G1 Refine#1" [stack: 0x0000008d54000000,0x0000008d54100000] [id=19916]
  0x000001c81af20cd0 ConcurrentGCThread "G1 Service" [stack: 0x0000008d51700000,0x0000008d51800000] [id=3464]

Threads with active compile tasks:
C2 CompilerThread0   240274 18921       4       jdk.internal.loader.BuiltinClassLoader::loadClass (22 bytes)

VM state: not at safepoint (normal execution)

VM Mutex/Monitor currently owned by a thread: None

Heap address: 0x00000000e0000000, size: 512 MB, Compressed Oops mode: 32-bit

CDS archive(s) mapped at: [0x0000000800000000-0x0000000800bb0000-0x0000000800bb0000), size 12255232, SharedBaseAddress: 0x0000000800000000, ArchiveRelocationMode: 0.
Compressed class space mapped at: 0x0000000800c00000-0x000000080dc00000, reserved size: 218103808
Narrow klass base: 0x0000000800000000, Narrow klass shift: 3, Narrow klass range: 0x100000000

GC Precious Log:
 CPUs: 4 total, 4 available
 Memory: 3955M
 Large Page Support: Disabled
 NUMA Support: Disabled
 Compressed Oops: Enabled (32-bit)
 Heap Region Size: 1M
 Heap Min Capacity: 256M
 Heap Initial Capacity: 256M
 Heap Max Capacity: 512M
 Pre-touch: Disabled
 Parallel Workers: 4
 Concurrent Workers: 1
 Concurrent Refinement Workers: 4
 Periodic GC: Disabled

Heap:
 garbage-first heap   total 262144K, used 216675K [0x00000000e0000000, 0x0000000100000000)
  region size 1024K, 127 young (130048K), 8 survivors (8192K)
 Metaspace       used 80582K, committed 81280K, reserved 286720K
  class space    used 9976K, committed 10304K, reserved 212992K

Heap Regions: E=young(eden), S=young(survivor), O=old, HS=humongous(starts), HC=humongous(continues), CS=collection set, F=free, OA=open archive, CA=closed archive, TAMS=top-at-mark-start (previous, next)
|   0|0x00000000e0000000, 0x00000000e0100000, 0x00000000e0100000|100%|HS|  |TAMS 0x00000000e0100000, 0x00000000e0000000| Complete 
|   1|0x00000000e0100000, 0x00000000e0200000, 0x00000000e0200000|100%|HC|  |TAMS 0x00000000e0200000, 0x00000000e0100000| Complete 
|   2|0x00000000e0200000, 0x00000000e0300000, 0x00000000e0300000|100%|HC|  |TAMS 0x00000000e0300000, 0x00000000e0200000| Complete 
|   3|0x00000000e0300000, 0x00000000e0400000, 0x00000000e0400000|100%| O|  |TAMS 0x00000000e0400000, 0x00000000e0300000| Untracked 
|   4|0x00000000e0400000, 0x00000000e0500000, 0x00000000e0500000|100%| O|  |TAMS 0x00000000e0500000, 0x00000000e0400000| Untracked 
|   5|0x00000000e0500000, 0x00000000e0600000, 0x00000000e0600000|100%| O|  |TAMS 0x00000000e0600000, 0x00000000e0500000| Untracked 
|   6|0x00000000e0600000, 0x00000000e0700000, 0x00000000e0700000|100%| O|  |TAMS 0x00000000e0700000, 0x00000000e0600000| Untracked 
|   7|0x00000000e0700000, 0x00000000e0800000, 0x00000000e0800000|100%| O|  |TAMS 0x00000000e0800000, 0x00000000e0700000| Untracked 
|   8|0x00000000e0800000, 0x00000000e0900000, 0x00000000e0900000|100%| O|  |TAMS 0x00000000e0900000, 0x00000000e0800000| Untracked 
|   9|0x00000000e0900000, 0x00000000e0a00000, 0x00000000e0a00000|100%| O|  |TAMS 0x00000000e0a00000, 0x00000000e0900000| Untracked 
|  10|0x00000000e0a00000, 0x00000000e0b00000, 0x00000000e0b00000|100%| O|  |TAMS 0x00000000e0b00000, 0x00000000e0a00000| Untracked 
|  11|0x00000000e0b00000, 0x00000000e0c00000, 0x00000000e0c00000|100%| O|  |TAMS 0x00000000e0c00000, 0x00000000e0b00000| Untracked 
|  12|0x00000000e0c00000, 0x00000000e0d00000, 0x00000000e0d00000|100%| O|  |TAMS 0x00000000e0d00000, 0x00000000e0c00000| Untracked 
|  13|0x00000000e0d00000, 0x00000000e0e00000, 0x00000000e0e00000|100%| O|  |TAMS 0x00000000e0e00000, 0x00000000e0d00000| Untracked 
|  14|0x00000000e0e00000, 0x00000000e0f00000, 0x00000000e0f00000|100%| O|  |TAMS 0x00000000e0f00000, 0x00000000e0e00000| Untracked 
|  15|0x00000000e0f00000, 0x00000000e1000000, 0x00000000e1000000|100%| O|  |TAMS 0x00000000e1000000, 0x00000000e0f00000| Untracked 
|  16|0x00000000e1000000, 0x00000000e1100000, 0x00000000e1100000|100%| O|  |TAMS 0x00000000e1100000, 0x00000000e1000000| Untracked 
|  17|0x00000000e1100000, 0x00000000e1200000, 0x00000000e1200000|100%| O|  |TAMS 0x00000000e1200000, 0x00000000e1100000| Untracked 
|  18|0x00000000e1200000, 0x00000000e1300000, 0x00000000e1300000|100%| O|  |TAMS 0x00000000e1300000, 0x00000000e1200000| Untracked 
|  19|0x00000000e1300000, 0x00000000e1400000, 0x00000000e1400000|100%| O|  |TAMS 0x00000000e1400000, 0x00000000e1300000| Untracked 
|  20|0x00000000e1400000, 0x00000000e1500000, 0x00000000e1500000|100%| O|  |TAMS 0x00000000e1500000, 0x00000000e1400000| Untracked 
|  21|0x00000000e1500000, 0x00000000e1600000, 0x00000000e1600000|100%| O|  |TAMS 0x00000000e1600000, 0x00000000e1500000| Untracked 
|  22|0x00000000e1600000, 0x00000000e1700000, 0x00000000e1700000|100%| O|  |TAMS 0x00000000e1700000, 0x00000000e1600000| Untracked 
|  23|0x00000000e1700000, 0x00000000e1800000, 0x00000000e1800000|100%| O|  |TAMS 0x00000000e1800000, 0x00000000e1700000| Untracked 
|  24|0x00000000e1800000, 0x00000000e1900000, 0x00000000e1900000|100%| O|  |TAMS 0x00000000e1900000, 0x00000000e1800000| Untracked 
|  25|0x00000000e1900000, 0x00000000e1a00000, 0x00000000e1a00000|100%| O|  |TAMS 0x00000000e1a00000, 0x00000000e1900000| Untracked 
|  26|0x00000000e1a00000, 0x00000000e1b00000, 0x00000000e1b00000|100%| O|  |TAMS 0x00000000e1b00000, 0x00000000e1a00000| Untracked 
|  27|0x00000000e1b00000, 0x00000000e1c00000, 0x00000000e1c00000|100%| O|  |TAMS 0x00000000e1c00000, 0x00000000e1b00000| Untracked 
|  28|0x00000000e1c00000, 0x00000000e1d00000, 0x00000000e1d00000|100%| O|  |TAMS 0x00000000e1c11e00, 0x00000000e1c00000| Untracked 
|  29|0x00000000e1d00000, 0x00000000e1e00000, 0x00000000e1e00000|100%| O|  |TAMS 0x00000000e1d00000, 0x00000000e1d00000| Untracked 
|  30|0x00000000e1e00000, 0x00000000e1f00000, 0x00000000e1f00000|100%| O|  |TAMS 0x00000000e1e00000, 0x00000000e1e00000| Untracked 
|  31|0x00000000e1f00000, 0x00000000e2000000, 0x00000000e2000000|100%| O|  |TAMS 0x00000000e1f00000, 0x00000000e1f00000| Untracked 
|  32|0x00000000e2000000, 0x00000000e2100000, 0x00000000e2100000|100%| O|  |TAMS 0x00000000e2000000, 0x00000000e2000000| Untracked 
|  33|0x00000000e2100000, 0x00000000e2200000, 0x00000000e2200000|100%| O|  |TAMS 0x00000000e2100000, 0x00000000e2100000| Untracked 
|  34|0x00000000e2200000, 0x00000000e2300000, 0x00000000e2300000|100%| O|  |TAMS 0x00000000e2200000, 0x00000000e2200000| Untracked 
|  35|0x00000000e2300000, 0x00000000e2400000, 0x00000000e2400000|100%| O|  |TAMS 0x00000000e2300000, 0x00000000e2300000| Untracked 
|  36|0x00000000e2400000, 0x00000000e2500000, 0x00000000e2500000|100%| O|  |TAMS 0x00000000e2400000, 0x00000000e2400000| Untracked 
|  37|0x00000000e2500000, 0x00000000e2600000, 0x00000000e2600000|100%| O|  |TAMS 0x00000000e2500000, 0x00000000e2500000| Untracked 
|  38|0x00000000e2600000, 0x00000000e2700000, 0x00000000e2700000|100%| O|  |TAMS 0x00000000e2600000, 0x00000000e2600000| Untracked 
|  39|0x00000000e2700000, 0x00000000e2800000, 0x00000000e2800000|100%| O|  |TAMS 0x00000000e2700000, 0x00000000e2700000| Untracked 
|  40|0x00000000e2800000, 0x00000000e2900000, 0x00000000e2900000|100%| O|  |TAMS 0x00000000e2800000, 0x00000000e2800000| Untracked 
|  41|0x00000000e2900000, 0x00000000e2a00000, 0x00000000e2a00000|100%| O|  |TAMS 0x00000000e2900000, 0x00000000e2900000| Untracked 
|  42|0x00000000e2a00000, 0x00000000e2b00000, 0x00000000e2b00000|100%| O|  |TAMS 0x00000000e2a00000, 0x00000000e2a00000| Untracked 
|  43|0x00000000e2b00000, 0x00000000e2c00000, 0x00000000e2c00000|100%|HS|  |TAMS 0x00000000e2b00000, 0x00000000e2b00000| Complete 
|  44|0x00000000e2c00000, 0x00000000e2d00000, 0x00000000e2d00000|100%| O|  |TAMS 0x00000000e2c00000, 0x00000000e2c00000| Untracked 
|  45|0x00000000e2d00000, 0x00000000e2e00000, 0x00000000e2e00000|100%| O|  |TAMS 0x00000000e2d00000, 0x00000000e2d00000| Untracked 
|  46|0x00000000e2e00000, 0x00000000e2f00000, 0x00000000e2f00000|100%| O|  |TAMS 0x00000000e2e00000, 0x00000000e2e00000| Untracked 
|  47|0x00000000e2f00000, 0x00000000e3000000, 0x00000000e3000000|100%| O|  |TAMS 0x00000000e2f00000, 0x00000000e2f00000| Untracked 
|  48|0x00000000e3000000, 0x00000000e3100000, 0x00000000e3100000|100%| O|  |TAMS 0x00000000e3000000, 0x00000000e3000000| Untracked 
|  49|0x00000000e3100000, 0x00000000e3200000, 0x00000000e3200000|100%| O|  |TAMS 0x00000000e3100000, 0x00000000e3100000| Untracked 
|  50|0x00000000e3200000, 0x00000000e3300000, 0x00000000e3300000|100%| O|  |TAMS 0x00000000e3200000, 0x00000000e3200000| Untracked 
|  51|0x00000000e3300000, 0x00000000e3400000, 0x00000000e3400000|100%| O|  |TAMS 0x00000000e3300000, 0x00000000e3300000| Untracked 
|  52|0x00000000e3400000, 0x00000000e3500000, 0x00000000e3500000|100%| O|  |TAMS 0x00000000e3400000, 0x00000000e3400000| Untracked 
|  53|0x00000000e3500000, 0x00000000e3600000, 0x00000000e3600000|100%| O|  |TAMS 0x00000000e3500000, 0x00000000e3500000| Untracked 
|  54|0x00000000e3600000, 0x00000000e3700000, 0x00000000e3700000|100%| O|  |TAMS 0x00000000e3600000, 0x00000000e3600000| Untracked 
|  55|0x00000000e3700000, 0x00000000e3800000, 0x00000000e3800000|100%| O|  |TAMS 0x00000000e3700000, 0x00000000e3700000| Untracked 
|  56|0x00000000e3800000, 0x00000000e3900000, 0x00000000e3900000|100%| O|  |TAMS 0x00000000e3800000, 0x00000000e3800000| Untracked 
|  57|0x00000000e3900000, 0x00000000e3a00000, 0x00000000e3a00000|100%| O|  |TAMS 0x00000000e3900000, 0x00000000e3900000| Untracked 
|  58|0x00000000e3a00000, 0x00000000e3b00000, 0x00000000e3b00000|100%| O|  |TAMS 0x00000000e3a00000, 0x00000000e3a00000| Untracked 
|  59|0x00000000e3b00000, 0x00000000e3c00000, 0x00000000e3c00000|100%| O|  |TAMS 0x00000000e3b00000, 0x00000000e3b00000| Untracked 
|  60|0x00000000e3c00000, 0x00000000e3d00000, 0x00000000e3d00000|100%| O|  |TAMS 0x00000000e3c00000, 0x00000000e3c00000| Untracked 
|  61|0x00000000e3d00000, 0x00000000e3e00000, 0x00000000e3e00000|100%| O|  |TAMS 0x00000000e3d00000, 0x00000000e3d00000| Untracked 
|  62|0x00000000e3e00000, 0x00000000e3f00000, 0x00000000e3f00000|100%| O|  |TAMS 0x00000000e3e00000, 0x00000000e3e00000| Untracked 
|  63|0x00000000e3f00000, 0x00000000e4000000, 0x00000000e4000000|100%| O|  |TAMS 0x00000000e3f00000, 0x00000000e3f00000| Untracked 
|  64|0x00000000e4000000, 0x00000000e4100000, 0x00000000e4100000|100%| O|  |TAMS 0x00000000e4000000, 0x00000000e4000000| Untracked 
|  65|0x00000000e4100000, 0x00000000e4200000, 0x00000000e4200000|100%| O|  |TAMS 0x00000000e4100000, 0x00000000e4100000| Untracked 
|  66|0x00000000e4200000, 0x00000000e4300000, 0x00000000e4300000|100%| O|  |TAMS 0x00000000e4200000, 0x00000000e4200000| Untracked 
|  67|0x00000000e4300000, 0x00000000e4400000, 0x00000000e4400000|100%| O|  |TAMS 0x00000000e4300000, 0x00000000e4300000| Untracked 
|  68|0x00000000e4400000, 0x00000000e4500000, 0x00000000e4500000|100%| O|  |TAMS 0x00000000e4400000, 0x00000000e4400000| Untracked 
|  69|0x00000000e4500000, 0x00000000e4600000, 0x00000000e4600000|100%| O|  |TAMS 0x00000000e4500000, 0x00000000e4500000| Untracked 
|  70|0x00000000e4600000, 0x00000000e4700000, 0x00000000e4700000|100%| O|  |TAMS 0x00000000e4600000, 0x00000000e4600000| Untracked 
|  71|0x00000000e4700000, 0x00000000e4800000, 0x00000000e4800000|100%| O|  |TAMS 0x00000000e4700000, 0x00000000e4700000| Untracked 
|  72|0x00000000e4800000, 0x00000000e4900000, 0x00000000e4900000|100%| O|  |TAMS 0x00000000e4800000, 0x00000000e4800000| Untracked 
|  73|0x00000000e4900000, 0x00000000e4a00000, 0x00000000e4a00000|100%| O|  |TAMS 0x00000000e4900000, 0x00000000e4900000| Untracked 
|  74|0x00000000e4a00000, 0x00000000e4b00000, 0x00000000e4b00000|100%| O|  |TAMS 0x00000000e4a00000, 0x00000000e4a00000| Untracked 
|  75|0x00000000e4b00000, 0x00000000e4c00000, 0x00000000e4c00000|100%| O|  |TAMS 0x00000000e4b00000, 0x00000000e4b00000| Untracked 
|  76|0x00000000e4c00000, 0x00000000e4d00000, 0x00000000e4d00000|100%| O|  |TAMS 0x00000000e4c00000, 0x00000000e4c00000| Untracked 
|  77|0x00000000e4d00000, 0x00000000e4e00000, 0x00000000e4e00000|100%| O|  |TAMS 0x00000000e4d00000, 0x00000000e4d00000| Untracked 
|  78|0x00000000e4e00000, 0x00000000e4f00000, 0x00000000e4f00000|100%| O|  |TAMS 0x00000000e4e00000, 0x00000000e4e00000| Untracked 
|  79|0x00000000e4f00000, 0x00000000e5000000, 0x00000000e5000000|100%| O|  |TAMS 0x00000000e4f00000, 0x00000000e4f00000| Untracked 
|  80|0x00000000e5000000, 0x00000000e5100000, 0x00000000e5100000|100%| O|  |TAMS 0x00000000e5000000, 0x00000000e5000000| Untracked 
|  81|0x00000000e5100000, 0x00000000e5100000, 0x00000000e5200000|  0%| F|  |TAMS 0x00000000e5100000, 0x00000000e5100000| Untracked 
|  82|0x00000000e5200000, 0x00000000e5200000, 0x00000000e5300000|  0%| F|  |TAMS 0x00000000e5200000, 0x00000000e5200000| Untracked 
|  83|0x00000000e5300000, 0x00000000e5400000, 0x00000000e5400000|100%| O|  |TAMS 0x00000000e5300000, 0x00000000e5300000| Untracked 
|  84|0x00000000e5400000, 0x00000000e5500000, 0x00000000e5500000|100%| O|  |TAMS 0x00000000e5400000, 0x00000000e5400000| Untracked 
|  85|0x00000000e5500000, 0x00000000e5600000, 0x00000000e5600000|100%| O|  |TAMS 0x00000000e5500000, 0x00000000e5500000| Untracked 
|  86|0x00000000e5600000, 0x00000000e5700000, 0x00000000e5700000|100%| O|  |TAMS 0x00000000e5600000, 0x00000000e5600000| Untracked 
|  87|0x00000000e5700000, 0x00000000e57f4800, 0x00000000e5800000| 95%| O|  |TAMS 0x00000000e5700000, 0x00000000e5700000| Untracked 
|  88|0x00000000e5800000, 0x00000000e5800000, 0x00000000e5900000|  0%| F|  |TAMS 0x00000000e5800000, 0x00000000e5800000| Untracked 
|  89|0x00000000e5900000, 0x00000000e5900000, 0x00000000e5a00000|  0%| F|  |TAMS 0x00000000e5900000, 0x00000000e5900000| Untracked 
|  90|0x00000000e5a00000, 0x00000000e5a00000, 0x00000000e5b00000|  0%| F|  |TAMS 0x00000000e5a00000, 0x00000000e5a00000| Untracked 
|  91|0x00000000e5b00000, 0x00000000e5b00000, 0x00000000e5c00000|  0%| F|  |TAMS 0x00000000e5b00000, 0x00000000e5b00000| Untracked 
|  92|0x00000000e5c00000, 0x00000000e5c00000, 0x00000000e5d00000|  0%| F|  |TAMS 0x00000000e5c00000, 0x00000000e5c00000| Untracked 
|  93|0x00000000e5d00000, 0x00000000e5d00000, 0x00000000e5e00000|  0%| F|  |TAMS 0x00000000e5d00000, 0x00000000e5d00000| Untracked 
|  94|0x00000000e5e00000, 0x00000000e5e00000, 0x00000000e5f00000|  0%| F|  |TAMS 0x00000000e5e00000, 0x00000000e5e00000| Untracked 
|  95|0x00000000e5f00000, 0x00000000e5f00000, 0x00000000e6000000|  0%| F|  |TAMS 0x00000000e5f00000, 0x00000000e5f00000| Untracked 
|  96|0x00000000e6000000, 0x00000000e6000000, 0x00000000e6100000|  0%| F|  |TAMS 0x00000000e6000000, 0x00000000e6000000| Untracked 
|  97|0x00000000e6100000, 0x00000000e6100000, 0x00000000e6200000|  0%| F|  |TAMS 0x00000000e6100000, 0x00000000e6100000| Untracked 
|  98|0x00000000e6200000, 0x00000000e6200000, 0x00000000e6300000|  0%| F|  |TAMS 0x00000000e6200000, 0x00000000e6200000| Untracked 
|  99|0x00000000e6300000, 0x00000000e6300000, 0x00000000e6400000|  0%| F|  |TAMS 0x00000000e6300000, 0x00000000e6300000| Untracked 
| 100|0x00000000e6400000, 0x00000000e6400000, 0x00000000e6500000|  0%| F|  |TAMS 0x00000000e6400000, 0x00000000e6400000| Untracked 
| 101|0x00000000e6500000, 0x00000000e6500000, 0x00000000e6600000|  0%| F|  |TAMS 0x00000000e6500000, 0x00000000e6500000| Untracked 
| 102|0x00000000e6600000, 0x00000000e6600000, 0x00000000e6700000|  0%| F|  |TAMS 0x00000000e6600000, 0x00000000e6600000| Untracked 
| 103|0x00000000e6700000, 0x00000000e6700000, 0x00000000e6800000|  0%| F|  |TAMS 0x00000000e6700000, 0x00000000e6700000| Untracked 
| 104|0x00000000e6800000, 0x00000000e6800000, 0x00000000e6900000|  0%| F|  |TAMS 0x00000000e6800000, 0x00000000e6800000| Untracked 
| 105|0x00000000e6900000, 0x00000000e6900000, 0x00000000e6a00000|  0%| F|  |TAMS 0x00000000e6900000, 0x00000000e6900000| Untracked 
| 106|0x00000000e6a00000, 0x00000000e6a00000, 0x00000000e6b00000|  0%| F|  |TAMS 0x00000000e6a00000, 0x00000000e6a00000| Untracked 
| 107|0x00000000e6b00000, 0x00000000e6b00000, 0x00000000e6c00000|  0%| F|  |TAMS 0x00000000e6b00000, 0x00000000e6b00000| Untracked 
| 108|0x00000000e6c00000, 0x00000000e6c00000, 0x00000000e6d00000|  0%| F|  |TAMS 0x00000000e6c00000, 0x00000000e6c00000| Untracked 
| 109|0x00000000e6d00000, 0x00000000e6d00000, 0x00000000e6e00000|  0%| F|  |TAMS 0x00000000e6d00000, 0x00000000e6d00000| Untracked 
| 110|0x00000000e6e00000, 0x00000000e6e00000, 0x00000000e6f00000|  0%| F|  |TAMS 0x00000000e6e00000, 0x00000000e6e00000| Untracked 
| 111|0x00000000e6f00000, 0x00000000e6f00000, 0x00000000e7000000|  0%| F|  |TAMS 0x00000000e6f00000, 0x00000000e6f00000| Untracked 
| 112|0x00000000e7000000, 0x00000000e7000000, 0x00000000e7100000|  0%| F|  |TAMS 0x00000000e7000000, 0x00000000e7000000| Untracked 
| 113|0x00000000e7100000, 0x00000000e7100000, 0x00000000e7200000|  0%| F|  |TAMS 0x00000000e7100000, 0x00000000e7100000| Untracked 
| 114|0x00000000e7200000, 0x00000000e7200000, 0x00000000e7300000|  0%| F|  |TAMS 0x00000000e7200000, 0x00000000e7200000| Untracked 
| 115|0x00000000e7300000, 0x00000000e7300000, 0x00000000e7400000|  0%| F|  |TAMS 0x00000000e7300000, 0x00000000e7300000| Untracked 
| 116|0x00000000e7400000, 0x00000000e7400000, 0x00000000e7500000|  0%| F|  |TAMS 0x00000000e7400000, 0x00000000e7400000| Untracked 
| 117|0x00000000e7500000, 0x00000000e7500000, 0x00000000e7600000|  0%| F|  |TAMS 0x00000000e7500000, 0x00000000e7500000| Untracked 
| 118|0x00000000e7600000, 0x00000000e7600000, 0x00000000e7700000|  0%| F|  |TAMS 0x00000000e7600000, 0x00000000e7600000| Untracked 
| 119|0x00000000e7700000, 0x00000000e7700000, 0x00000000e7800000|  0%| F|  |TAMS 0x00000000e7700000, 0x00000000e7700000| Untracked 
| 120|0x00000000e7800000, 0x00000000e7800000, 0x00000000e7900000|  0%| F|  |TAMS 0x00000000e7800000, 0x00000000e7800000| Untracked 
| 121|0x00000000e7900000, 0x00000000e79a46a0, 0x00000000e7a00000| 64%| S|CS|TAMS 0x00000000e7900000, 0x00000000e7900000| Complete 
| 122|0x00000000e7a00000, 0x00000000e7b00000, 0x00000000e7b00000|100%| S|CS|TAMS 0x00000000e7a00000, 0x00000000e7a00000| Complete 
| 123|0x00000000e7b00000, 0x00000000e7c00000, 0x00000000e7c00000|100%| S|CS|TAMS 0x00000000e7b00000, 0x00000000e7b00000| Complete 
| 124|0x00000000e7c00000, 0x00000000e7c00000, 0x00000000e7d00000|  0%| F|  |TAMS 0x00000000e7c00000, 0x00000000e7c00000| Untracked 
| 125|0x00000000e7d00000, 0x00000000e7d00000, 0x00000000e7e00000|  0%| F|  |TAMS 0x00000000e7d00000, 0x00000000e7d00000| Untracked 
| 126|0x00000000e7e00000, 0x00000000e7e00000, 0x00000000e7f00000|  0%| F|  |TAMS 0x00000000e7e00000, 0x00000000e7e00000| Untracked 
| 127|0x00000000e7f00000, 0x00000000e7f00000, 0x00000000e8000000|  0%| F|  |TAMS 0x00000000e7f00000, 0x00000000e7f00000| Untracked 
| 128|0x00000000e8000000, 0x00000000e8000000, 0x00000000e8100000|  0%| F|  |TAMS 0x00000000e8000000, 0x00000000e8000000| Untracked 
| 129|0x00000000e8100000, 0x00000000e8200000, 0x00000000e8200000|100%| S|CS|TAMS 0x00000000e8100000, 0x00000000e8100000| Complete 
| 130|0x00000000e8200000, 0x00000000e8300000, 0x00000000e8300000|100%| S|CS|TAMS 0x00000000e8200000, 0x00000000e8200000| Complete 
| 131|0x00000000e8300000, 0x00000000e8400000, 0x00000000e8400000|100%| S|CS|TAMS 0x00000000e8300000, 0x00000000e8300000| Complete 
| 132|0x00000000e8400000, 0x00000000e8500000, 0x00000000e8500000|100%| S|CS|TAMS 0x00000000e8400000, 0x00000000e8400000| Complete 
| 133|0x00000000e8500000, 0x00000000e8600000, 0x00000000e8600000|100%| S|CS|TAMS 0x00000000e8500000, 0x00000000e8500000| Complete 
| 134|0x00000000e8600000, 0x00000000e8600000, 0x00000000e8700000|  0%| F|  |TAMS 0x00000000e8600000, 0x00000000e8600000| Untracked 
| 135|0x00000000e8700000, 0x00000000e8700000, 0x00000000e8800000|  0%| F|  |TAMS 0x00000000e8700000, 0x00000000e8700000| Untracked 
| 136|0x00000000e8800000, 0x00000000e8880800, 0x00000000e8900000| 50%| E|  |TAMS 0x00000000e8800000, 0x00000000e8800000| Complete 
| 137|0x00000000e8900000, 0x00000000e8a00000, 0x00000000e8a00000|100%| E|CS|TAMS 0x00000000e8900000, 0x00000000e8900000| Complete 
| 138|0x00000000e8a00000, 0x00000000e8b00000, 0x00000000e8b00000|100%| E|CS|TAMS 0x00000000e8a00000, 0x00000000e8a00000| Complete 
| 139|0x00000000e8b00000, 0x00000000e8c00000, 0x00000000e8c00000|100%| E|CS|TAMS 0x00000000e8b00000, 0x00000000e8b00000| Complete 
| 140|0x00000000e8c00000, 0x00000000e8d00000, 0x00000000e8d00000|100%| E|CS|TAMS 0x00000000e8c00000, 0x00000000e8c00000| Complete 
| 141|0x00000000e8d00000, 0x00000000e8e00000, 0x00000000e8e00000|100%| E|CS|TAMS 0x00000000e8d00000, 0x00000000e8d00000| Complete 
| 142|0x00000000e8e00000, 0x00000000e8f00000, 0x00000000e8f00000|100%| E|CS|TAMS 0x00000000e8e00000, 0x00000000e8e00000| Complete 
| 143|0x00000000e8f00000, 0x00000000e9000000, 0x00000000e9000000|100%| E|CS|TAMS 0x00000000e8f00000, 0x00000000e8f00000| Complete 
| 144|0x00000000e9000000, 0x00000000e9100000, 0x00000000e9100000|100%| E|CS|TAMS 0x00000000e9000000, 0x00000000e9000000| Complete 
| 145|0x00000000e9100000, 0x00000000e9200000, 0x00000000e9200000|100%| E|CS|TAMS 0x00000000e9100000, 0x00000000e9100000| Complete 
| 146|0x00000000e9200000, 0x00000000e9300000, 0x00000000e9300000|100%| E|CS|TAMS 0x00000000e9200000, 0x00000000e9200000| Complete 
| 147|0x00000000e9300000, 0x00000000e9400000, 0x00000000e9400000|100%| E|CS|TAMS 0x00000000e9300000, 0x00000000e9300000| Complete 
| 148|0x00000000e9400000, 0x00000000e9500000, 0x00000000e9500000|100%| E|CS|TAMS 0x00000000e9400000, 0x00000000e9400000| Complete 
| 149|0x00000000e9500000, 0x00000000e9600000, 0x00000000e9600000|100%| E|CS|TAMS 0x00000000e9500000, 0x00000000e9500000| Complete 
| 150|0x00000000e9600000, 0x00000000e9700000, 0x00000000e9700000|100%| E|CS|TAMS 0x00000000e9600000, 0x00000000e9600000| Complete 
| 151|0x00000000e9700000, 0x00000000e9800000, 0x00000000e9800000|100%| E|CS|TAMS 0x00000000e9700000, 0x00000000e9700000| Complete 
| 152|0x00000000e9800000, 0x00000000e9900000, 0x00000000e9900000|100%| E|CS|TAMS 0x00000000e9800000, 0x00000000e9800000| Complete 
| 153|0x00000000e9900000, 0x00000000e9a00000, 0x00000000e9a00000|100%| E|CS|TAMS 0x00000000e9900000, 0x00000000e9900000| Complete 
| 154|0x00000000e9a00000, 0x00000000e9b00000, 0x00000000e9b00000|100%| E|CS|TAMS 0x00000000e9a00000, 0x00000000e9a00000| Complete 
| 155|0x00000000e9b00000, 0x00000000e9c00000, 0x00000000e9c00000|100%| E|CS|TAMS 0x00000000e9b00000, 0x00000000e9b00000| Complete 
| 156|0x00000000e9c00000, 0x00000000e9d00000, 0x00000000e9d00000|100%| E|CS|TAMS 0x00000000e9c00000, 0x00000000e9c00000| Complete 
| 157|0x00000000e9d00000, 0x00000000e9e00000, 0x00000000e9e00000|100%| E|CS|TAMS 0x00000000e9d00000, 0x00000000e9d00000| Complete 
| 158|0x00000000e9e00000, 0x00000000e9f00000, 0x00000000e9f00000|100%| E|CS|TAMS 0x00000000e9e00000, 0x00000000e9e00000| Complete 
| 159|0x00000000e9f00000, 0x00000000ea000000, 0x00000000ea000000|100%| E|CS|TAMS 0x00000000e9f00000, 0x00000000e9f00000| Complete 
| 160|0x00000000ea000000, 0x00000000ea100000, 0x00000000ea100000|100%| E|CS|TAMS 0x00000000ea000000, 0x00000000ea000000| Complete 
| 161|0x00000000ea100000, 0x00000000ea200000, 0x00000000ea200000|100%| E|CS|TAMS 0x00000000ea100000, 0x00000000ea100000| Complete 
| 162|0x00000000ea200000, 0x00000000ea300000, 0x00000000ea300000|100%| E|CS|TAMS 0x00000000ea200000, 0x00000000ea200000| Complete 
| 163|0x00000000ea300000, 0x00000000ea400000, 0x00000000ea400000|100%| E|CS|TAMS 0x00000000ea300000, 0x00000000ea300000| Complete 
| 164|0x00000000ea400000, 0x00000000ea500000, 0x00000000ea500000|100%| E|CS|TAMS 0x00000000ea400000, 0x00000000ea400000| Complete 
| 165|0x00000000ea500000, 0x00000000ea600000, 0x00000000ea600000|100%| E|CS|TAMS 0x00000000ea500000, 0x00000000ea500000| Complete 
| 166|0x00000000ea600000, 0x00000000ea700000, 0x00000000ea700000|100%| E|CS|TAMS 0x00000000ea600000, 0x00000000ea600000| Complete 
| 167|0x00000000ea700000, 0x00000000ea800000, 0x00000000ea800000|100%| E|CS|TAMS 0x00000000ea700000, 0x00000000ea700000| Complete 
| 168|0x00000000ea800000, 0x00000000ea900000, 0x00000000ea900000|100%| E|CS|TAMS 0x00000000ea800000, 0x00000000ea800000| Complete 
| 169|0x00000000ea900000, 0x00000000eaa00000, 0x00000000eaa00000|100%| E|CS|TAMS 0x00000000ea900000, 0x00000000ea900000| Complete 
| 170|0x00000000eaa00000, 0x00000000eab00000, 0x00000000eab00000|100%| E|CS|TAMS 0x00000000eaa00000, 0x00000000eaa00000| Complete 
| 171|0x00000000eab00000, 0x00000000eac00000, 0x00000000eac00000|100%| E|CS|TAMS 0x00000000eab00000, 0x00000000eab00000| Complete 
| 172|0x00000000eac00000, 0x00000000ead00000, 0x00000000ead00000|100%| E|CS|TAMS 0x00000000eac00000, 0x00000000eac00000| Complete 
| 173|0x00000000ead00000, 0x00000000eae00000, 0x00000000eae00000|100%| E|CS|TAMS 0x00000000ead00000, 0x00000000ead00000| Complete 
| 174|0x00000000eae00000, 0x00000000eaf00000, 0x00000000eaf00000|100%| E|CS|TAMS 0x00000000eae00000, 0x00000000eae00000| Complete 
| 175|0x00000000eaf00000, 0x00000000eb000000, 0x00000000eb000000|100%| E|CS|TAMS 0x00000000eaf00000, 0x00000000eaf00000| Complete 
| 176|0x00000000eb000000, 0x00000000eb100000, 0x00000000eb100000|100%| E|CS|TAMS 0x00000000eb000000, 0x00000000eb000000| Complete 
| 177|0x00000000eb100000, 0x00000000eb200000, 0x00000000eb200000|100%| E|CS|TAMS 0x00000000eb100000, 0x00000000eb100000| Complete 
| 178|0x00000000eb200000, 0x00000000eb300000, 0x00000000eb300000|100%| E|CS|TAMS 0x00000000eb200000, 0x00000000eb200000| Complete 
| 179|0x00000000eb300000, 0x00000000eb400000, 0x00000000eb400000|100%| E|CS|TAMS 0x00000000eb300000, 0x00000000eb300000| Complete 
| 180|0x00000000eb400000, 0x00000000eb500000, 0x00000000eb500000|100%| E|CS|TAMS 0x00000000eb400000, 0x00000000eb400000| Complete 
| 181|0x00000000eb500000, 0x00000000eb600000, 0x00000000eb600000|100%| E|CS|TAMS 0x00000000eb500000, 0x00000000eb500000| Complete 
| 182|0x00000000eb600000, 0x00000000eb700000, 0x00000000eb700000|100%| E|CS|TAMS 0x00000000eb600000, 0x00000000eb600000| Complete 
| 183|0x00000000eb700000, 0x00000000eb800000, 0x00000000eb800000|100%| E|CS|TAMS 0x00000000eb700000, 0x00000000eb700000| Complete 
| 184|0x00000000eb800000, 0x00000000eb900000, 0x00000000eb900000|100%| E|CS|TAMS 0x00000000eb800000, 0x00000000eb800000| Complete 
| 185|0x00000000eb900000, 0x00000000eba00000, 0x00000000eba00000|100%| E|CS|TAMS 0x00000000eb900000, 0x00000000eb900000| Complete 
| 186|0x00000000eba00000, 0x00000000ebb00000, 0x00000000ebb00000|100%| E|CS|TAMS 0x00000000eba00000, 0x00000000eba00000| Complete 
| 187|0x00000000ebb00000, 0x00000000ebc00000, 0x00000000ebc00000|100%| E|CS|TAMS 0x00000000ebb00000, 0x00000000ebb00000| Complete 
| 188|0x00000000ebc00000, 0x00000000ebd00000, 0x00000000ebd00000|100%| E|CS|TAMS 0x00000000ebc00000, 0x00000000ebc00000| Complete 
| 189|0x00000000ebd00000, 0x00000000ebe00000, 0x00000000ebe00000|100%| E|CS|TAMS 0x00000000ebd00000, 0x00000000ebd00000| Complete 
| 190|0x00000000ebe00000, 0x00000000ebf00000, 0x00000000ebf00000|100%| E|CS|TAMS 0x00000000ebe00000, 0x00000000ebe00000| Complete 
| 191|0x00000000ebf00000, 0x00000000ec000000, 0x00000000ec000000|100%| E|CS|TAMS 0x00000000ebf00000, 0x00000000ebf00000| Complete 
| 192|0x00000000ec000000, 0x00000000ec100000, 0x00000000ec100000|100%| E|CS|TAMS 0x00000000ec000000, 0x00000000ec000000| Complete 
| 193|0x00000000ec100000, 0x00000000ec200000, 0x00000000ec200000|100%| E|CS|TAMS 0x00000000ec100000, 0x00000000ec100000| Complete 
| 194|0x00000000ec200000, 0x00000000ec300000, 0x00000000ec300000|100%| E|CS|TAMS 0x00000000ec200000, 0x00000000ec200000| Complete 
| 195|0x00000000ec300000, 0x00000000ec400000, 0x00000000ec400000|100%| E|CS|TAMS 0x00000000ec300000, 0x00000000ec300000| Complete 
| 196|0x00000000ec400000, 0x00000000ec500000, 0x00000000ec500000|100%| E|CS|TAMS 0x00000000ec400000, 0x00000000ec400000| Complete 
| 197|0x00000000ec500000, 0x00000000ec600000, 0x00000000ec600000|100%| E|CS|TAMS 0x00000000ec500000, 0x00000000ec500000| Complete 
| 198|0x00000000ec600000, 0x00000000ec700000, 0x00000000ec700000|100%| E|CS|TAMS 0x00000000ec600000, 0x00000000ec600000| Complete 
| 199|0x00000000ec700000, 0x00000000ec800000, 0x00000000ec800000|100%| E|CS|TAMS 0x00000000ec700000, 0x00000000ec700000| Complete 
| 200|0x00000000ec800000, 0x00000000ec900000, 0x00000000ec900000|100%| E|CS|TAMS 0x00000000ec800000, 0x00000000ec800000| Complete 
| 201|0x00000000ec900000, 0x00000000eca00000, 0x00000000eca00000|100%| E|CS|TAMS 0x00000000ec900000, 0x00000000ec900000| Complete 
| 202|0x00000000eca00000, 0x00000000ecb00000, 0x00000000ecb00000|100%| E|CS|TAMS 0x00000000eca00000, 0x00000000eca00000| Complete 
| 203|0x00000000ecb00000, 0x00000000ecc00000, 0x00000000ecc00000|100%| E|CS|TAMS 0x00000000ecb00000, 0x00000000ecb00000| Complete 
| 204|0x00000000ecc00000, 0x00000000ecd00000, 0x00000000ecd00000|100%| E|CS|TAMS 0x00000000ecc00000, 0x00000000ecc00000| Complete 
| 205|0x00000000ecd00000, 0x00000000ece00000, 0x00000000ece00000|100%| E|CS|TAMS 0x00000000ecd00000, 0x00000000ecd00000| Complete 
| 206|0x00000000ece00000, 0x00000000ecf00000, 0x00000000ecf00000|100%| E|CS|TAMS 0x00000000ece00000, 0x00000000ece00000| Complete 
| 207|0x00000000ecf00000, 0x00000000ed000000, 0x00000000ed000000|100%| E|CS|TAMS 0x00000000ecf00000, 0x00000000ecf00000| Complete 
| 208|0x00000000ed000000, 0x00000000ed100000, 0x00000000ed100000|100%| E|CS|TAMS 0x00000000ed000000, 0x00000000ed000000| Complete 
| 209|0x00000000ed100000, 0x00000000ed200000, 0x00000000ed200000|100%| E|CS|TAMS 0x00000000ed100000, 0x00000000ed100000| Complete 
| 210|0x00000000ed200000, 0x00000000ed300000, 0x00000000ed300000|100%| E|CS|TAMS 0x00000000ed200000, 0x00000000ed200000| Complete 
| 211|0x00000000ed300000, 0x00000000ed400000, 0x00000000ed400000|100%| E|CS|TAMS 0x00000000ed300000, 0x00000000ed300000| Complete 
| 212|0x00000000ed400000, 0x00000000ed500000, 0x00000000ed500000|100%| E|CS|TAMS 0x00000000ed400000, 0x00000000ed400000| Complete 
| 213|0x00000000ed500000, 0x00000000ed600000, 0x00000000ed600000|100%| E|CS|TAMS 0x00000000ed500000, 0x00000000ed500000| Complete 
| 214|0x00000000ed600000, 0x00000000ed700000, 0x00000000ed700000|100%| E|CS|TAMS 0x00000000ed600000, 0x00000000ed600000| Complete 
| 215|0x00000000ed700000, 0x00000000ed800000, 0x00000000ed800000|100%| E|CS|TAMS 0x00000000ed700000, 0x00000000ed700000| Complete 
| 216|0x00000000ed800000, 0x00000000ed900000, 0x00000000ed900000|100%| E|CS|TAMS 0x00000000ed800000, 0x00000000ed800000| Complete 
| 217|0x00000000ed900000, 0x00000000eda00000, 0x00000000eda00000|100%| E|CS|TAMS 0x00000000ed900000, 0x00000000ed900000| Complete 
| 218|0x00000000eda00000, 0x00000000edb00000, 0x00000000edb00000|100%| E|CS|TAMS 0x00000000eda00000, 0x00000000eda00000| Complete 
| 219|0x00000000edb00000, 0x00000000edc00000, 0x00000000edc00000|100%| E|CS|TAMS 0x00000000edb00000, 0x00000000edb00000| Complete 
| 220|0x00000000edc00000, 0x00000000edd00000, 0x00000000edd00000|100%| E|CS|TAMS 0x00000000edc00000, 0x00000000edc00000| Complete 
| 221|0x00000000edd00000, 0x00000000ede00000, 0x00000000ede00000|100%| E|CS|TAMS 0x00000000edd00000, 0x00000000edd00000| Complete 
| 222|0x00000000ede00000, 0x00000000edf00000, 0x00000000edf00000|100%| E|CS|TAMS 0x00000000ede00000, 0x00000000ede00000| Complete 
| 223|0x00000000edf00000, 0x00000000ee000000, 0x00000000ee000000|100%| E|CS|TAMS 0x00000000edf00000, 0x00000000edf00000| Complete 
| 224|0x00000000ee000000, 0x00000000ee100000, 0x00000000ee100000|100%| E|CS|TAMS 0x00000000ee000000, 0x00000000ee000000| Complete 
| 225|0x00000000ee100000, 0x00000000ee200000, 0x00000000ee200000|100%| E|CS|TAMS 0x00000000ee100000, 0x00000000ee100000| Complete 
| 226|0x00000000ee200000, 0x00000000ee300000, 0x00000000ee300000|100%| E|CS|TAMS 0x00000000ee200000, 0x00000000ee200000| Complete 
| 227|0x00000000ee300000, 0x00000000ee400000, 0x00000000ee400000|100%| E|CS|TAMS 0x00000000ee300000, 0x00000000ee300000| Complete 
| 228|0x00000000ee400000, 0x00000000ee500000, 0x00000000ee500000|100%| E|CS|TAMS 0x00000000ee400000, 0x00000000ee400000| Complete 
| 229|0x00000000ee500000, 0x00000000ee600000, 0x00000000ee600000|100%| E|CS|TAMS 0x00000000ee500000, 0x00000000ee500000| Complete 
| 230|0x00000000ee600000, 0x00000000ee700000, 0x00000000ee700000|100%| E|CS|TAMS 0x00000000ee600000, 0x00000000ee600000| Complete 
| 231|0x00000000ee700000, 0x00000000ee800000, 0x00000000ee800000|100%| E|CS|TAMS 0x00000000ee700000, 0x00000000ee700000| Complete 
| 232|0x00000000ee800000, 0x00000000ee900000, 0x00000000ee900000|100%| E|CS|TAMS 0x00000000ee800000, 0x00000000ee800000| Complete 
| 233|0x00000000ee900000, 0x00000000eea00000, 0x00000000eea00000|100%| E|CS|TAMS 0x00000000ee900000, 0x00000000ee900000| Complete 
| 234|0x00000000eea00000, 0x00000000eeb00000, 0x00000000eeb00000|100%| E|CS|TAMS 0x00000000eea00000, 0x00000000eea00000| Complete 
| 235|0x00000000eeb00000, 0x00000000eec00000, 0x00000000eec00000|100%| E|CS|TAMS 0x00000000eeb00000, 0x00000000eeb00000| Complete 
| 236|0x00000000eec00000, 0x00000000eed00000, 0x00000000eed00000|100%| E|CS|TAMS 0x00000000eec00000, 0x00000000eec00000| Complete 
| 237|0x00000000eed00000, 0x00000000eee00000, 0x00000000eee00000|100%| E|CS|TAMS 0x00000000eed00000, 0x00000000eed00000| Complete 
| 238|0x00000000eee00000, 0x00000000eef00000, 0x00000000eef00000|100%| E|CS|TAMS 0x00000000eee00000, 0x00000000eee00000| Complete 
| 239|0x00000000eef00000, 0x00000000ef000000, 0x00000000ef000000|100%| E|CS|TAMS 0x00000000eef00000, 0x00000000eef00000| Complete 
| 240|0x00000000ef000000, 0x00000000ef100000, 0x00000000ef100000|100%| E|CS|TAMS 0x00000000ef000000, 0x00000000ef000000| Complete 
| 241|0x00000000ef100000, 0x00000000ef200000, 0x00000000ef200000|100%| E|CS|TAMS 0x00000000ef100000, 0x00000000ef100000| Complete 
| 242|0x00000000ef200000, 0x00000000ef300000, 0x00000000ef300000|100%| E|CS|TAMS 0x00000000ef200000, 0x00000000ef200000| Complete 
| 243|0x00000000ef300000, 0x00000000ef400000, 0x00000000ef400000|100%| E|CS|TAMS 0x00000000ef300000, 0x00000000ef300000| Complete 
| 244|0x00000000ef400000, 0x00000000ef500000, 0x00000000ef500000|100%| E|CS|TAMS 0x00000000ef400000, 0x00000000ef400000| Complete 
| 245|0x00000000ef500000, 0x00000000ef600000, 0x00000000ef600000|100%| E|CS|TAMS 0x00000000ef500000, 0x00000000ef500000| Complete 
| 246|0x00000000ef600000, 0x00000000ef700000, 0x00000000ef700000|100%| E|CS|TAMS 0x00000000ef600000, 0x00000000ef600000| Complete 
| 247|0x00000000ef700000, 0x00000000ef800000, 0x00000000ef800000|100%| E|CS|TAMS 0x00000000ef700000, 0x00000000ef700000| Complete 
| 248|0x00000000ef800000, 0x00000000ef900000, 0x00000000ef900000|100%| E|CS|TAMS 0x00000000ef800000, 0x00000000ef800000| Complete 
| 249|0x00000000ef900000, 0x00000000efa00000, 0x00000000efa00000|100%| E|CS|TAMS 0x00000000ef900000, 0x00000000ef900000| Complete 
| 250|0x00000000efa00000, 0x00000000efb00000, 0x00000000efb00000|100%| E|CS|TAMS 0x00000000efa00000, 0x00000000efa00000| Complete 
| 251|0x00000000efb00000, 0x00000000efc00000, 0x00000000efc00000|100%| E|CS|TAMS 0x00000000efb00000, 0x00000000efb00000| Complete 
| 252|0x00000000efc00000, 0x00000000efd00000, 0x00000000efd00000|100%| E|CS|TAMS 0x00000000efc00000, 0x00000000efc00000| Complete 
| 253|0x00000000efd00000, 0x00000000efe00000, 0x00000000efe00000|100%| E|CS|TAMS 0x00000000efd00000, 0x00000000efd00000| Complete 
| 254|0x00000000efe00000, 0x00000000eff00000, 0x00000000eff00000|100%| E|CS|TAMS 0x00000000efe00000, 0x00000000efe00000| Complete 
| 255|0x00000000eff00000, 0x00000000f0000000, 0x00000000f0000000|100%| E|CS|TAMS 0x00000000eff00000, 0x00000000eff00000| Complete 

Card table byte_map: [0x000001c87fdf0000,0x000001c87fef0000] _byte_map_base: 0x000001c87f6f0000

Marking Bits (Prev, Next): (CMBitMap*) 0x000001c87fd3a230, (CMBitMap*) 0x000001c87fd3a1f0
 Prev Bits: [0x000001c8182b0000, 0x000001c818ab0000)
 Next Bits: [0x000001c817ab0000, 0x000001c8182b0000)

Polling page: 0x000001c87f0c0000

Metaspace:

Usage:
  Non-class:     68.97 MB used.
      Class:      9.75 MB used.
       Both:     78.71 MB used.

Virtual space:
  Non-class space:       72.00 MB reserved,      69.31 MB ( 96%) committed,  9 nodes.
      Class space:      208.00 MB reserved,      10.06 MB (  5%) committed,  1 nodes.
              Both:      280.00 MB reserved,      79.38 MB ( 28%) committed. 

Chunk freelists:
   Non-Class:  1.96 MB
       Class:  1.96 MB
        Both:  3.92 MB

MaxMetaspaceSize: 256.00 MB
CompressedClassSpaceSize: 208.00 MB
 - commit_granule_bytes: 65536.
 - commit_granule_words: 8192.
 - virtual_space_node_default_size: 1048576.
 - enlarge_chunks_in_place: 1.
 - new_chunks_are_fully_committed: 0.
 - uncommit_free_chunks: 1.
 - use_allocation_guard: 0.
 - handle_deallocations: 1.


Internal statistics:

num_allocs_failed_limit: 9.
num_arena_births: 778.
num_arena_deaths: 2.
num_vsnodes_births: 10.
num_vsnodes_deaths: 0.
num_space_committed: 1270.
num_space_uncommitted: 0.
num_chunks_returned_to_freelist: 11.
num_chunks_taken_from_freelist: 3794.
num_chunk_merges: 9.
num_chunk_splits: 2495.
num_chunks_enlarged: 1649.
num_purges: 2.

CodeHeap 'non-profiled nmethods': size=120000Kb used=11846Kb max_used=11846Kb free=108153Kb
 bounds [0x000001c810580000, 0x000001c811120000, 0x000001c817ab0000]
CodeHeap 'profiled nmethods': size=120000Kb used=29824Kb max_used=29824Kb free=90176Kb
 bounds [0x000001c809050000, 0x000001c80ad80000, 0x000001c810580000]
CodeHeap 'non-nmethods': size=5760Kb used=2432Kb max_used=2514Kb free=3328Kb
 bounds [0x000001c808ab0000, 0x000001c808d50000, 0x000001c809050000]
 total_blobs=16016 nmethods=15058 adapters=869
 compilation: enabled
              stopped_count=0, restarted_count=0
 full_count=0

Compilation events (20 events):
Event: 240.113 Thread 0x000001c81b081a10 18933       2       java.util.concurrent.ConcurrentLinkedQueue$Node::casItem (10 bytes)
Event: 240.114 Thread 0x000001c81b081a10 nmethod 18933 0x000001c80ad65310 code [0x000001c80ad65520, 0x000001c80ad65a78]
Event: 240.114 Thread 0x000001c81b081a10 18932       3       java.util.concurrent.ConcurrentLinkedQueue$Itr::hasNext (13 bytes)
Event: 240.114 Thread 0x000001c81b081a10 nmethod 18932 0x000001c80ad65d10 code [0x000001c80ad65ea0, 0x000001c80ad66018]
Event: 240.114 Thread 0x000001c81b081a10 18931       1       java.util.concurrent.ConcurrentLinkedQueue::lambda$clear$2 (2 bytes)
Event: 240.114 Thread 0x000001c81b081a10 nmethod 18931 0x000001c811111590 code [0x000001c811111720, 0x000001c8111117d8]
Event: 240.122 Thread 0x000001c81b081a10 18934  s!   3       org.gradle.internal.service.DefaultServiceRegistry$ManagedObjectServiceProvider::stop (59 bytes)
Event: 240.123 Thread 0x000001c81b081a10 nmethod 18934 0x000001c80ad66090 code [0x000001c80ad66300, 0x000001c80ad66f18]
Event: 240.123 Thread 0x000001c81b081a10 18936       3       java.util.concurrent.ConcurrentLinkedQueue::bulkRemove (157 bytes)
Event: 240.126 Thread 0x000001c81b081a10 nmethod 18936 0x000001c80ad67390 code [0x000001c80ad67660, 0x000001c80ad68908]
Event: 240.126 Thread 0x000001c81b081a10 18935       3       java.util.concurrent.ConcurrentLinkedQueue::clear (11 bytes)
Event: 240.126 Thread 0x000001c81b081a10 nmethod 18935 0x000001c80ad68f10 code [0x000001c80ad690e0, 0x000001c80ad693c8]
Event: 240.126 Thread 0x000001c81b081a10 18937       3       java.util.concurrent.ConcurrentLinkedQueue$$Lambda$1293/0x00000008012efc88::test (5 bytes)
Event: 240.126 Thread 0x000001c81b081a10 nmethod 18937 0x000001c80ad69510 code [0x000001c80ad696c0, 0x000001c80ad69838]
Event: 240.129 Thread 0x000001c81b081a10 18938       3       java.util.concurrent.ConcurrentLinkedQueue::iterator (9 bytes)
Event: 240.130 Thread 0x000001c81b081a10 nmethod 18938 0x000001c80ad69910 code [0x000001c80ad69ac0, 0x000001c80ad69c68]
Event: 240.130 Thread 0x000001c81b081a10 18939       3       java.util.concurrent.ConcurrentLinkedQueue$Itr::<init> (75 bytes)
Event: 240.133 Thread 0x000001c81b081a10 nmethod 18939 0x000001c80ad69d10 code [0x000001c80ad6a0e0, 0x000001c80ad6bce8]
Event: 240.133 Thread 0x000001c81b081a10 18940       3       org.gradle.internal.concurrent.CompositeStoppable$1::stop (1 bytes)
Event: 240.133 Thread 0x000001c81b081a10 nmethod 18940 0x000001c80ad6c510 code [0x000001c80ad6c6a0, 0x000001c80ad6c7b8]

GC Heap History (20 events):
Event: 196.426 GC heap before
{Heap before GC invocations=35 (full 0):
 garbage-first heap   total 262144K, used 224746K [0x00000000e0000000, 0x0000000100000000)
  region size 1024K, 140 young (143360K), 6 survivors (6144K)
 Metaspace       used 77713K, committed 78336K, reserved 286720K
  class space    used 9704K, committed 9984K, reserved 212992K
}
Event: 196.437 GC heap after
{Heap after GC invocations=36 (full 0):
 garbage-first heap   total 262144K, used 88639K [0x00000000e0000000, 0x0000000100000000)
  region size 1024K, 6 young (6144K), 6 survivors (6144K)
 Metaspace       used 77713K, committed 78336K, reserved 286720K
  class space    used 9704K, committed 9984K, reserved 212992K
}
Event: 197.645 GC heap before
{Heap before GC invocations=36 (full 0):
 garbage-first heap   total 262144K, used 228927K [0x00000000e0000000, 0x0000000100000000)
  region size 1024K, 141 young (144384K), 6 survivors (6144K)
 Metaspace       used 78069K, committed 78656K, reserved 286720K
  class space    used 9735K, committed 9984K, reserved 212992K
}
Event: 197.658 GC heap after
{Heap after GC invocations=37 (full 0):
 garbage-first heap   total 262144K, used 88698K [0x00000000e0000000, 0x0000000100000000)
  region size 1024K, 6 young (6144K), 6 survivors (6144K)
 Metaspace       used 78069K, committed 78656K, reserved 286720K
  class space    used 9735K, committed 9984K, reserved 212992K
}
Event: 198.585 GC heap before
{Heap before GC invocations=37 (full 0):
 garbage-first heap   total 262144K, used 230010K [0x00000000e0000000, 0x0000000100000000)
  region size 1024K, 142 young (145408K), 6 survivors (6144K)
 Metaspace       used 78105K, committed 78720K, reserved 286720K
  class space    used 9738K, committed 9984K, reserved 212992K
}
Event: 198.597 GC heap after
{Heap after GC invocations=38 (full 0):
 garbage-first heap   total 262144K, used 88741K [0x00000000e0000000, 0x0000000100000000)
  region size 1024K, 6 young (6144K), 6 survivors (6144K)
 Metaspace       used 78105K, committed 78720K, reserved 286720K
  class space    used 9738K, committed 9984K, reserved 212992K
}
Event: 199.729 GC heap before
{Heap before GC invocations=38 (full 0):
 garbage-first heap   total 262144K, used 231077K [0x00000000e0000000, 0x0000000100000000)
  region size 1024K, 143 young (146432K), 6 survivors (6144K)
 Metaspace       used 78449K, committed 79104K, reserved 286720K
  class space    used 9775K, committed 10048K, reserved 212992K
}
Event: 199.759 GC heap after
{Heap after GC invocations=39 (full 0):
 garbage-first heap   total 262144K, used 88737K [0x00000000e0000000, 0x0000000100000000)
  region size 1024K, 6 young (6144K), 6 survivors (6144K)
 Metaspace       used 78449K, committed 79104K, reserved 286720K
  class space    used 9775K, committed 10048K, reserved 212992K
}
Event: 212.358 GC heap before
{Heap before GC invocations=39 (full 0):
 garbage-first heap   total 262144K, used 229025K [0x00000000e0000000, 0x0000000100000000)
  region size 1024K, 143 young (146432K), 6 survivors (6144K)
 Metaspace       used 78864K, committed 79424K, reserved 286720K
  class space    used 9803K, committed 10048K, reserved 212992K
}
Event: 212.388 GC heap after
{Heap after GC invocations=40 (full 0):
 garbage-first heap   total 262144K, used 88525K [0x00000000e0000000, 0x0000000100000000)
  region size 1024K, 7 young (7168K), 7 survivors (7168K)
 Metaspace       used 78864K, committed 79424K, reserved 286720K
  class space    used 9803K, committed 10048K, reserved 212992K
}
Event: 216.592 GC heap before
{Heap before GC invocations=40 (full 0):
 garbage-first heap   total 262144K, used 227789K [0x00000000e0000000, 0x0000000100000000)
  region size 1024K, 143 young (146432K), 7 survivors (7168K)
 Metaspace       used 78876K, committed 79424K, reserved 286720K
  class space    used 9803K, committed 10048K, reserved 212992K
}
Event: 216.606 GC heap after
{Heap after GC invocations=41 (full 0):
 garbage-first heap   total 262144K, used 89772K [0x00000000e0000000, 0x0000000100000000)
  region size 1024K, 8 young (8192K), 8 survivors (8192K)
 Metaspace       used 78876K, committed 79424K, reserved 286720K
  class space    used 9803K, committed 10048K, reserved 212992K
}
Event: 219.474 GC heap before
{Heap before GC invocations=41 (full 0):
 garbage-first heap   total 262144K, used 229036K [0x00000000e0000000, 0x0000000100000000)
  region size 1024K, 142 young (145408K), 8 survivors (8192K)
 Metaspace       used 78998K, committed 79616K, reserved 286720K
  class space    used 9803K, committed 10048K, reserved 212992K
}
Event: 219.498 GC heap after
{Heap after GC invocations=42 (full 0):
 garbage-first heap   total 262144K, used 98660K [0x00000000e0000000, 0x0000000100000000)
  region size 1024K, 15 young (15360K), 15 survivors (15360K)
 Metaspace       used 78998K, committed 79616K, reserved 286720K
  class space    used 9803K, committed 10048K, reserved 212992K
}
Event: 227.091 GC heap before
{Heap before GC invocations=42 (full 0):
 garbage-first heap   total 262144K, used 218468K [0x00000000e0000000, 0x0000000100000000)
  region size 1024K, 133 young (136192K), 15 survivors (15360K)
 Metaspace       used 79275K, committed 79808K, reserved 286720K
  class space    used 9807K, committed 10048K, reserved 212992K
}
Event: 227.121 GC heap after
{Heap after GC invocations=43 (full 0):
 garbage-first heap   total 262144K, used 97914K [0x00000000e0000000, 0x0000000100000000)
  region size 1024K, 9 young (9216K), 9 survivors (9216K)
 Metaspace       used 79275K, committed 79808K, reserved 286720K
  class space    used 9807K, committed 10048K, reserved 212992K
}
Event: 229.374 GC heap before
{Heap before GC invocations=43 (full 0):
 garbage-first heap   total 262144K, used 216698K [0x00000000e0000000, 0x0000000100000000)
  region size 1024K, 125 young (128000K), 9 survivors (9216K)
 Metaspace       used 79289K, committed 79872K, reserved 286720K
  class space    used 9807K, committed 10048K, reserved 212992K
}
Event: 229.385 GC heap after
{Heap after GC invocations=44 (full 0):
 garbage-first heap   total 262144K, used 94913K [0x00000000e0000000, 0x0000000100000000)
  region size 1024K, 7 young (7168K), 7 survivors (7168K)
 Metaspace       used 79289K, committed 79872K, reserved 286720K
  class space    used 9807K, committed 10048K, reserved 212992K
}
Event: 231.240 GC heap before
{Heap before GC invocations=44 (full 0):
 garbage-first heap   total 262144K, used 216769K [0x00000000e0000000, 0x0000000100000000)
  region size 1024K, 127 young (130048K), 7 survivors (7168K)
 Metaspace       used 79347K, committed 79872K, reserved 286720K
  class space    used 9813K, committed 10048K, reserved 212992K
}
Event: 231.257 GC heap after
{Heap after GC invocations=45 (full 0):
 garbage-first heap   total 262144K, used 95843K [0x00000000e0000000, 0x0000000100000000)
  region size 1024K, 8 young (8192K), 8 survivors (8192K)
 Metaspace       used 79347K, committed 79872K, reserved 286720K
  class space    used 9813K, committed 10048K, reserved 212992K
}

Deoptimization events (20 events):
Event: 240.120 Thread 0x000001c81d944420 Uncommon trap: trap_request=0xffffffc6 fr.pc=0x000001c810e52ebc relative=0x0000000000000bbc
Event: 240.120 Thread 0x000001c81d944420 Uncommon trap: reason=bimorphic_or_optimized_type_check action=maybe_recompile pc=0x000001c810e52ebc method=java.util.HashMap.removeNode(ILjava/lang/Object;Ljava/lang/Object;ZZ)Ljava/util/HashMap$Node; @ 68 c2
Event: 240.120 Thread 0x000001c81d944420 DEOPT PACKING pc=0x000001c810e52ebc sp=0x0000008d52efb960
Event: 240.120 Thread 0x000001c81d944420 DEOPT UNPACKING pc=0x000001c808afd72e sp=0x0000008d52efb8f8 mode 2
Event: 240.120 Thread 0x000001c81c06d590 Uncommon trap: trap_request=0xffffffde fr.pc=0x000001c810739934 relative=0x0000000000000194
Event: 240.120 Thread 0x000001c81c06d590 Uncommon trap: reason=class_check action=maybe_recompile pc=0x000001c810739934 method=java.util.concurrent.locks.ReentrantLock$Sync.lock()V @ 1 c2
Event: 240.120 Thread 0x000001c81c06d590 DEOPT PACKING pc=0x000001c810739934 sp=0x0000008d543fede0
Event: 240.120 Thread 0x000001c81c06d590 DEOPT UNPACKING pc=0x000001c808afd72e sp=0x0000008d543fed40 mode 2
Event: 240.121 Thread 0x000001c81d944420 Uncommon trap: trap_request=0xffffffc6 fr.pc=0x000001c810e52ebc relative=0x0000000000000bbc
Event: 240.121 Thread 0x000001c81d944420 Uncommon trap: reason=bimorphic_or_optimized_type_check action=maybe_recompile pc=0x000001c810e52ebc method=java.util.HashMap.removeNode(ILjava/lang/Object;Ljava/lang/Object;ZZ)Ljava/util/HashMap$Node; @ 68 c2
Event: 240.121 Thread 0x000001c81d944420 DEOPT PACKING pc=0x000001c810e52ebc sp=0x0000008d52efb960
Event: 240.121 Thread 0x000001c81d944420 DEOPT UNPACKING pc=0x000001c808afd72e sp=0x0000008d52efb8f8 mode 2
Event: 240.127 Thread 0x000001c81c072540 Uncommon trap: trap_request=0xffffffde fr.pc=0x000001c810739934 relative=0x0000000000000194
Event: 240.127 Thread 0x000001c81c072540 Uncommon trap: reason=class_check action=maybe_recompile pc=0x000001c810739934 method=java.util.concurrent.locks.ReentrantLock$Sync.lock()V @ 1 c2
Event: 240.127 Thread 0x000001c81c072540 DEOPT PACKING pc=0x000001c810739934 sp=0x0000008d53aff0f0
Event: 240.127 Thread 0x000001c81c072540 DEOPT UNPACKING pc=0x000001c808afd72e sp=0x0000008d53aff050 mode 2
Event: 240.128 Thread 0x000001c81d944420 Uncommon trap: trap_request=0xffffffc6 fr.pc=0x000001c810e52ebc relative=0x0000000000000bbc
Event: 240.128 Thread 0x000001c81d944420 Uncommon trap: reason=bimorphic_or_optimized_type_check action=maybe_recompile pc=0x000001c810e52ebc method=java.util.HashMap.removeNode(ILjava/lang/Object;Ljava/lang/Object;ZZ)Ljava/util/HashMap$Node; @ 68 c2
Event: 240.128 Thread 0x000001c81d944420 DEOPT PACKING pc=0x000001c810e52ebc sp=0x0000008d52efc1e0
Event: 240.129 Thread 0x000001c81d944420 DEOPT UNPACKING pc=0x000001c808afd72e sp=0x0000008d52efc178 mode 2

Classes unloaded (1 events):
Event: 53.962 Thread 0x000001c81b060680 Unloading class 0x00000008010b8000 '_BuildScript_'

Classes redefined (0 events):
No events

Internal exceptions (20 events):
Event: 235.072 Thread 0x000001c8201401b0 Exception <a 'java/io/IOException'{0x00000000e9738ff8}> (0x00000000e9738ff8) 
thrown [t:\workspace\open\src\hotspot\share\prims\jni.cpp, line 579]
Event: 235.072 Thread 0x000001c81d735b10 Exception <a 'java/lang/reflect/InvocationTargetException'{0x00000000e98f73f8}> (0x00000000e98f73f8) 
thrown [t:\workspace\open\src\hotspot\share\runtime\reflection.cpp, line 1157]
Event: 235.092 Thread 0x000001c81d9c1f50 Exception <a 'java/lang/NoSuchMethodError'{0x00000000e95088c0}: static Lorg/gradle/process/internal/ExecException;.<clinit>()V> (0x00000000e95088c0) 
thrown [t:\workspace\open\src\hotspot\share\prims\jni.cpp, line 1210]
Event: 235.093 Thread 0x000001c81d9c1f50 Exception <a 'java/lang/NoSuchMethodError'{0x00000000e9509fc0}: static Lorg/gradle/api/GradleException;.<clinit>()V> (0x00000000e9509fc0) 
thrown [t:\workspace\open\src\hotspot\share\prims\jni.cpp, line 1210]
Event: 235.832 Thread 0x000001c81d735070 Exception <a 'java/io/IOException'{0x00000000e9a182b0}> (0x00000000e9a182b0) 
thrown [t:\workspace\open\src\hotspot\share\prims\jni.cpp, line 579]
Event: 235.861 Thread 0x000001c82230dc30 Exception <a 'java/io/IOException'{0x00000000e9572998}> (0x00000000e9572998) 
thrown [t:\workspace\open\src\hotspot\share\prims\jni.cpp, line 579]
Event: 235.861 Thread 0x000001c81d735b10 Exception <a 'java/lang/reflect/InvocationTargetException'{0x00000000e95cf110}> (0x00000000e95cf110) 
thrown [t:\workspace\open\src\hotspot\share\runtime\reflection.cpp, line 1157]
Event: 236.589 Thread 0x000001c81d735070 Exception <a 'java/io/IOException'{0x00000000e9a21170}> (0x00000000e9a21170) 
thrown [t:\workspace\open\src\hotspot\share\prims\jni.cpp, line 579]
Event: 236.614 Thread 0x000001c82230dc30 Exception <a 'java/io/IOException'{0x00000000e93fa880}> (0x00000000e93fa880) 
thrown [t:\workspace\open\src\hotspot\share\prims\jni.cpp, line 579]
Event: 236.614 Thread 0x000001c81d735b10 Exception <a 'java/lang/reflect/InvocationTargetException'{0x00000000e93f3f48}> (0x00000000e93f3f48) 
thrown [t:\workspace\open\src\hotspot\share\runtime\reflection.cpp, line 1157]
Event: 237.082 Thread 0x000001c82003f9e0 Exception <a 'java/io/IOException'{0x00000000e9a7bf30}> (0x00000000e9a7bf30) 
thrown [t:\workspace\open\src\hotspot\share\prims\jni.cpp, line 579]
Event: 237.122 Thread 0x000001c8201401b0 Exception <a 'java/io/IOException'{0x00000000e9000b68}> (0x00000000e9000b68) 
thrown [t:\workspace\open\src\hotspot\share\prims\jni.cpp, line 579]
Event: 237.123 Thread 0x000001c81d735b10 Exception <a 'java/lang/reflect/InvocationTargetException'{0x00000000e91ef6d0}> (0x00000000e91ef6d0) 
thrown [t:\workspace\open\src\hotspot\share\runtime\reflection.cpp, line 1157]
Event: 237.806 Thread 0x000001c82003f9e0 Exception <a 'java/io/IOException'{0x00000000e9a84dd0}> (0x00000000e9a84dd0) 
thrown [t:\workspace\open\src\hotspot\share\prims\jni.cpp, line 579]
Event: 237.815 Thread 0x000001c820041470 Exception <a 'java/io/IOException'{0x00000000e8e37440}> (0x00000000e8e37440) 
thrown [t:\workspace\open\src\hotspot\share\prims\jni.cpp, line 579]
Event: 237.816 Thread 0x000001c81d735b10 Exception <a 'java/lang/reflect/InvocationTargetException'{0x00000000e8e9cf30}> (0x00000000e8e9cf30) 
thrown [t:\workspace\open\src\hotspot\share\runtime\reflection.cpp, line 1157]
Event: 239.536 Thread 0x000001c82003f9e0 Exception <a 'java/io/IOException'{0x00000000e9a8dc70}> (0x00000000e9a8dc70) 
thrown [t:\workspace\open\src\hotspot\share\prims\jni.cpp, line 579]
Event: 239.558 Thread 0x000001c81c66de70 Exception <a 'java/io/IOException'{0x00000000e8c95df8}> (0x00000000e8c95df8) 
thrown [t:\workspace\open\src\hotspot\share\prims\jni.cpp, line 579]
Event: 239.558 Thread 0x000001c81d735b10 Exception <a 'java/lang/reflect/InvocationTargetException'{0x00000000e8cef8a8}> (0x00000000e8cef8a8) 
thrown [t:\workspace\open\src\hotspot\share\runtime\reflection.cpp, line 1157]
Event: 239.586 Thread 0x000001c81d944420 Exception <a 'java/lang/reflect/InvocationTargetException'{0x00000000ea4b4f28}> (0x00000000ea4b4f28) 
thrown [t:\workspace\open\src\hotspot\share\runtime\reflection.cpp, line 1157]

Events (20 events):
Event: 239.568 Thread 0x000001c81d735b10 Thread exited: 0x000001c81d735b10
Event: 239.568 loading class java/util/IdentityHashMap$ValueIterator done
Event: 239.569 Thread 0x000001c81d7355c0 Thread exited: 0x000001c81d7355c0
Event: 239.588 Executing  VM operation: Cleanup
Event: 239.589 Executing  VM operation: Cleanup done
Event: 239.747 Thread 0x000001c81e0bf3c0 Thread exited: 0x000001c81e0bf3c0
Event: 239.747 Thread 0x000001c81e0bd930 Thread exited: 0x000001c81e0bd930
Event: 239.750 Thread 0x000001c81e0bce90 Thread exited: 0x000001c81e0bce90
Event: 239.783 loading class java/util/concurrent/ConcurrentLinkedQueue$Itr
Event: 239.783 loading class java/util/concurrent/ConcurrentLinkedQueue$Itr done
Event: 239.798 loading class java/util/logging/LogRecord
Event: 239.800 loading class java/util/logging/LogRecord done
Event: 239.859 Executing  VM operation: HandshakeAllThreads
Event: 239.859 Executing  VM operation: HandshakeAllThreads done
Event: 239.863 Executing  VM operation: HandshakeAllThreads
Event: 239.864 Executing  VM operation: HandshakeAllThreads done
Event: 239.986 Thread 0x000001c81c06dae0 Thread exited: 0x000001c81c06dae0
Event: 240.117 Thread 0x000001c81e0baeb0 Thread exited: 0x000001c81e0baeb0
Event: 240.120 Thread 0x000001c81c06d590 Thread exited: 0x000001c81c06d590
Event: 240.127 Thread 0x000001c81c072540 Thread exited: 0x000001c81c072540


Dynamic libraries:
0x00007ff650b20000 - 0x00007ff650b30000 	C:\Program Files\Java\jdk-16.0.2\bin\java.exe
0x00007ffbea610000 - 0x00007ffbea805000 	C:\WINDOWS\SYSTEM32\ntdll.dll
0x00007ffbe9ad0000 - 0x00007ffbe9b8d000 	C:\WINDOWS\System32\KERNEL32.DLL
0x00007ffbe7d50000 - 0x00007ffbe8019000 	C:\WINDOWS\System32\KERNELBASE.dll
0x00007ffbe8300000 - 0x00007ffbe8400000 	C:\WINDOWS\System32\ucrtbase.dll
0x00007ffbe2590000 - 0x00007ffbe25a8000 	C:\Program Files\Java\jdk-16.0.2\bin\jli.dll
0x00007ffbe8d10000 - 0x00007ffbe8dbc000 	C:\WINDOWS\System32\ADVAPI32.dll
0x00007ffbea370000 - 0x00007ffbea40e000 	C:\WINDOWS\System32\msvcrt.dll
0x00007ffbe8c40000 - 0x00007ffbe8cdb000 	C:\WINDOWS\System32\sechost.dll
0x00007ffbea000000 - 0x00007ffbea12a000 	C:\WINDOWS\System32\RPCRT4.dll
0x00007ffbe9930000 - 0x00007ffbe9ad0000 	C:\WINDOWS\System32\USER32.dll
0x00007ffbe8230000 - 0x00007ffbe8252000 	C:\WINDOWS\System32\win32u.dll
0x00007ffbe8ce0000 - 0x00007ffbe8d0a000 	C:\WINDOWS\System32\GDI32.dll
0x00007ffbe8450000 - 0x00007ffbe855b000 	C:\WINDOWS\System32\gdi32full.dll
0x00007ffbe8260000 - 0x00007ffbe82fd000 	C:\WINDOWS\System32\msvcp_win.dll
0x00007ffbe1d60000 - 0x00007ffbe1d79000 	C:\Program Files\Java\jdk-16.0.2\bin\VCRUNTIME140.dll
0x00007ffbcf2a0000 - 0x00007ffbcf53a000 	C:\WINDOWS\WinSxS\amd64_microsoft.windows.common-controls_6595b64144ccf1df_6.0.19041.1110_none_60b5254171f9507e\COMCTL32.dll
0x00007ffbddca0000 - 0x00007ffbddcaa000 	C:\WINDOWS\SYSTEM32\VERSION.dll
0x00007ffbe9890000 - 0x00007ffbe98c0000 	C:\WINDOWS\System32\IMM32.DLL
0x00007ffbe2370000 - 0x00007ffbe237c000 	C:\Program Files\Java\jdk-16.0.2\bin\vcruntime140_1.dll
0x00007ffbc2580000 - 0x00007ffbc2611000 	C:\Program Files\Java\jdk-16.0.2\bin\msvcp140.dll
0x00007ffb92f60000 - 0x00007ffb93b0b000 	C:\Program Files\Java\jdk-16.0.2\bin\server\jvm.dll
0x00007ffbea350000 - 0x00007ffbea358000 	C:\WINDOWS\System32\PSAPI.DLL
0x00007ffbcf570000 - 0x00007ffbcf579000 	C:\WINDOWS\SYSTEM32\WSOCK32.dll
0x00007ffbe98c0000 - 0x00007ffbe992b000 	C:\WINDOWS\System32\WS2_32.dll
0x00007ffbd0ee0000 - 0x00007ffbd0f07000 	C:\WINDOWS\SYSTEM32\WINMM.dll
0x00007ffbe6660000 - 0x00007ffbe6672000 	C:\WINDOWS\SYSTEM32\kernel.appcore.dll
0x00007ffbe20b0000 - 0x00007ffbe20ba000 	C:\Program Files\Java\jdk-16.0.2\bin\jimage.dll
0x00007ffbe62e0000 - 0x00007ffbe64c4000 	C:\WINDOWS\SYSTEM32\DBGHELP.DLL
0x00007ffbde270000 - 0x00007ffbde29c000 	C:\WINDOWS\SYSTEM32\dbgcore.DLL
0x00007ffbe85c0000 - 0x00007ffbe8643000 	C:\WINDOWS\System32\bcryptPrimitives.dll
0x00007ffbe1d10000 - 0x00007ffbe1d35000 	C:\Program Files\Java\jdk-16.0.2\bin\java.dll
0x00007ffbe9150000 - 0x00007ffbe988f000 	C:\WINDOWS\System32\SHELL32.dll
0x00007ffbe5a70000 - 0x00007ffbe6201000 	C:\WINDOWS\SYSTEM32\windows.storage.dll
0x00007ffbe87b0000 - 0x00007ffbe8b05000 	C:\WINDOWS\System32\combase.dll
0x00007ffbe77c0000 - 0x00007ffbe77ec000 	C:\WINDOWS\SYSTEM32\Wldp.dll
0x00007ffbea1f0000 - 0x00007ffbea29e000 	C:\WINDOWS\System32\SHCORE.dll
0x00007ffbe9010000 - 0x00007ffbe9065000 	C:\WINDOWS\System32\shlwapi.dll
0x00007ffbe7c90000 - 0x00007ffbe7caf000 	C:\WINDOWS\SYSTEM32\profapi.dll
0x00007ffbe1a10000 - 0x00007ffbe1a29000 	C:\Program Files\Java\jdk-16.0.2\bin\net.dll
0x00007ffbd8130000 - 0x00007ffbd823a000 	C:\WINDOWS\SYSTEM32\WINHTTP.dll
0x00007ffbe7520000 - 0x00007ffbe758a000 	C:\WINDOWS\system32\mswsock.dll
0x00007ffbdf750000 - 0x00007ffbdf763000 	C:\Program Files\Java\jdk-16.0.2\bin\nio.dll
0x00007ffbde460000 - 0x00007ffbde478000 	C:\Program Files\Java\jdk-16.0.2\bin\zip.dll
0x00007ffbddcc0000 - 0x00007ffbddcd0000 	C:\Program Files\Java\jdk-16.0.2\bin\verify.dll
0x00007ffbc5560000 - 0x00007ffbc5587000 	C:\Users\\.gradle\native\8bec1ad78214c89d9ad589b4d07fe93259594b29d510b10fafb7a158f7737e5d\windows-amd64\native-platform.dll
0x00007ffbb58a0000 - 0x00007ffbb59dd000 	C:\Users\\.gradle\native\53dbd7edfb1c66fb8903c78663c9afc45aea4f116125fa6feffd364cf09443e8\windows-amd64\native-platform-file-events.dll
0x00007ffbddc30000 - 0x00007ffbddc39000 	C:\Program Files\Java\jdk-16.0.2\bin\management.dll
0x00007ffbcfca0000 - 0x00007ffbcfcab000 	C:\Program Files\Java\jdk-16.0.2\bin\management_ext.dll
0x00007ffbe7710000 - 0x00007ffbe7728000 	C:\WINDOWS\SYSTEM32\CRYPTSP.dll
0x00007ffbe6e50000 - 0x00007ffbe6e84000 	C:\WINDOWS\system32\rsaenh.dll
0x00007ffbe8650000 - 0x00007ffbe8677000 	C:\WINDOWS\System32\bcrypt.dll
0x00007ffbe7c50000 - 0x00007ffbe7c7e000 	C:\WINDOWS\SYSTEM32\USERENV.dll
0x00007ffbe7700000 - 0x00007ffbe770c000 	C:\WINDOWS\SYSTEM32\CRYPTBASE.dll
0x00007ffbe71c0000 - 0x00007ffbe71fb000 	C:\WINDOWS\SYSTEM32\IPHLPAPI.DLL
0x00007ffbe8e50000 - 0x00007ffbe8e58000 	C:\WINDOWS\System32\NSI.dll
0x00007ffbddc60000 - 0x00007ffbddc77000 	C:\WINDOWS\SYSTEM32\dhcpcsvc6.DLL
0x00007ffbde010000 - 0x00007ffbde02d000 	C:\WINDOWS\SYSTEM32\dhcpcsvc.DLL
0x00007ffbe7210000 - 0x00007ffbe72dc000 	C:\WINDOWS\SYSTEM32\DNSAPI.dll
0x00007ffbde450000 - 0x00007ffbde45e000 	C:\Program Files\Java\jdk-16.0.2\bin\sunmscapi.dll
0x00007ffbe8020000 - 0x00007ffbe817f000 	C:\WINDOWS\System32\CRYPT32.dll
0x00007ffbe7830000 - 0x00007ffbe7857000 	C:\WINDOWS\SYSTEM32\ncrypt.dll
0x00007ffbe77f0000 - 0x00007ffbe782b000 	C:\WINDOWS\SYSTEM32\NTASN1.dll
0x00007ffbc9570000 - 0x00007ffbc9577000 	C:\WINDOWS\system32\wshunix.dll
0x00007ffbdfbf0000 - 0x00007ffbdfbfa000 	C:\Windows\System32\rasadhlp.dll
0x00007ffbd8850000 - 0x00007ffbd88cf000 	C:\WINDOWS\System32\fwpuclnt.dll

dbghelp: loaded successfully - version: 4.0.5 - missing functions: none
symbol engine: initialized successfully - sym options: 0x614 - pdb path: .;C:\Program Files\Java\jdk-16.0.2\bin;C:\WINDOWS\SYSTEM32;C:\WINDOWS\WinSxS\amd64_microsoft.windows.common-controls_6595b64144ccf1df_6.0.19041.1110_none_60b5254171f9507e;C:\Program Files\Java\jdk-16.0.2\bin\server;C:\Users\\.gradle\native\8bec1ad78214c89d9ad589b4d07fe93259594b29d510b10fafb7a158f7737e5d\windows-amd;C:\Users\\.gradle\native\8bec1ad78214c89d9ad589b4d07fe93259594b29d510b10fafb7a158f7737e5d\windows-amd64;C:\Users\\.gradle\native\53dbd7edfb1c66fb8903c78663c9afc45aea4f116125fa6feffd364cf09443e8\windows;C:\Users\\.gradle\native\53dbd7edfb1c66fb8903c78663c9afc45aea4f116125fa6feffd364cf09443e8\windo;C:\Users\\.gradle\native\53dbd7edfb1c66fb8903c78663c9afc45aea4f116125fa6feffd364cf09443e8\win;C:\Users\\.gradle\native\53dbd7edfb1c66fb8903c78663c9afc45aea4f116125fa6feffd364cf09443e8\w;C:\Users\\.gradle\native\53dbd7edfb1c66fb8903c78663c9afc45aea4f116125fa6feffd364cf09443e8

VM Arguments:
jvm_args: --add-opens=java.base/java.util=ALL-UNNAMED --add-opens=java.base/java.lang=ALL-UNNAMED --add-opens=java.base/java.lang.invoke=ALL-UNNAMED --add-opens=java.base/java.util=ALL-UNNAMED --add-opens=java.prefs/java.util.prefs=ALL-UNNAMED --add-opens=java.prefs/java.util.prefs=ALL-UNNAMED --add-opens=java.base/java.nio.charset=ALL-UNNAMED --add-opens=java.base/java.net=ALL-UNNAMED --add-opens=java.base/java.util.concurrent.atomic=ALL-UNNAMED -XX:MaxMetaspaceSize=256m -XX:+HeapDumpOnOutOfMemoryError -Xms256m -Xmx512m -Dfile.encoding=x-windows-949 -Duser.country=KR -Duser.language=ko -Duser.variant 
java_command: org.gradle.launcher.daemon.bootstrap.GradleDaemon 7.1.1
java_class_path (initial): C:\Users\\.gradle\wrapper\dists\gradle-7.1.1-bin\f29rtwfnc96ub43tt7p47zsru\gradle-7.1.1\lib\gradle-launcher-7.1.1.jar
Launcher Type: SUN_STANDARD

[Global flags]
     intx CICompilerCount                          = 3                                         {product} {ergonomic}
   size_t CompressedClassSpaceSize                 = 218103808                                 {product} {ergonomic}
     uint ConcGCThreads                            = 1                                         {product} {ergonomic}
     uint G1ConcRefinementThreads                  = 4                                         {product} {ergonomic}
   size_t G1HeapRegionSize                         = 1048576                                   {product} {ergonomic}
    uintx GCDrainStackTargetSize                   = 64                                        {product} {ergonomic}
     bool HeapDumpOnOutOfMemoryError               = true                                   {manageable} {command line}
   size_t InitialHeapSize                          = 268435456                                 {product} {command line}
   size_t MarkStackSize                            = 4194304                                   {product} {ergonomic}
   size_t MaxHeapSize                              = 536870912                                 {product} {command line}
   size_t MaxMetaspaceSize                         = 268435456                                 {product} {command line}
   size_t MaxNewSize                               = 321912832                                 {product} {ergonomic}
   size_t MinHeapDeltaBytes                        = 1048576                                   {product} {ergonomic}
   size_t MinHeapSize                              = 268435456                                 {product} {command line}
    uintx NonNMethodCodeHeapSize                   = 5832780                                {pd product} {ergonomic}
    uintx NonProfiledCodeHeapSize                  = 122912730                              {pd product} {ergonomic}
    uintx ProfiledCodeHeapSize                     = 122912730                              {pd product} {ergonomic}
    uintx ReservedCodeCacheSize                    = 251658240                              {pd product} {ergonomic}
     bool SegmentedCodeCache                       = true                                      {product} {ergonomic}
   size_t SoftMaxHeapSize                          = 536870912                              {manageable} {ergonomic}
     bool UseCompressedClassPointers               = true                           {product lp64_product} {ergonomic}
     bool UseCompressedOops                        = true                           {product lp64_product} {ergonomic}
     bool UseG1GC                                  = true                                      {product} {ergonomic}
     bool UseLargePagesIndividualAllocation        = false                                  {pd product} {ergonomic}

Logging:
Log output configuration:
 #0: stdout all=warning uptime,level,tags
 #1: stderr all=off uptime,level,tags

Environment Variables:
JAVA_HOME=C:\Program Files\Java\jdk-16.0.2
CLASSPATH=C:/Users//Desktop/cafemate/back/gradle/wrapper/gradle-wrapper.jar
PATH=C:\Users\\bin;C:\Program Files\Git\mingw64\bin;C:\Program Files\Git\usr\local\bin;C:\Program Files\Git\usr\bin;C:\Program Files\Git\usr\bin;C:\Program Files\Git\mingw64\bin;C:\Program Files\Git\usr\bin;C:\Users\\bin;C:\Program Files\Common Files\Oracle\Java\javapath;C:\Program Files (x86)\Common Files\Intel\Shared Libraries\redist\intel64\compiler;C:\Program Files (x86)\Intel\iCLS Client;C:\Program Files\Intel\iCLS Client;C:\WINDOWS\system32;C:\WINDOWS;C:\WINDOWS\System32\Wbem;C:\WINDOWS\System32\WindowsPowerShell\v1.0;C:\Program Files (x86)\Intel\Intel(R) Management Engine Components\DAL;C:\Program Files\Intel\Intel(R) Management Engine Components\DAL;C:\Program Files (x86)\Intel\Intel(R) Management Engine Components\IPT;C:\Program Files\Intel\Intel(R) Management Engine Components\IPT;C:\WINDOWS\System32\OpenSSH;C:\Program Files\Java\jdk1.8.0_211\bin;C:\Program Files\nodejs;C:\Program Files\Git\cmd;C:\Program Files (x86)\Yarn\bin;C:\Program Files\Java\jdk-16.0.2\bin;C:\Users\\AppData\Local\Microsoft\WindowsApps;C:\Users\\AppData\Local\Programs\Microsoft VS Code\bin;C:\Users\\AppData\Roaming\npm;C:\Users\\AppData\Local\GitHubDesktop\bin;C:\Users\\AppData\Local\Yarn\bin;%USERPROFILE%\AppData\Local\Microsoft\WindowsApps;C:\Program Files\Git\usr\bin\vendor_perl;C:\Program Files\Git\usr\bin\core_perl
USERNAME=
SHELL=C:\Program Files\Git\usr\bin\bash.exe
DISPLAY=needs-to-be-defined
LANG=ko_KR.UTF-8
OS=Windows_NT
PROCESSOR_IDENTIFIER=Intel64 Family 6 Model 142 Stepping 9, GenuineIntel



---------------  S Y S T E M  ---------------

OS:
 Windows 10 , 64 bit Build 19041 (10.0.19041.1023)
OS uptime: 1 days 7:33 hours

CPU: total 4 (initial active 4) (2 cores per cpu, 2 threads per core) family 6 model 142 stepping 9 microcode 0xb4, cx8, cmov, fxsr, ht, mmx, 3dnowpref, sse, sse2, sse3, ssse3, sse4.1, sse4.2, popcnt, lzcnt, tsc, tscinvbit, avx, avx2, aes, erms, clmul, bmi1, bmi2, adx, fma, vzeroupper, clflush, clflushopt

Memory: 4k page, system-wide physical 3955M (163M free)
TotalPageFile size 13666M (AvailPageFile size 0M)
current process WorkingSet (physical memory assigned to process): 342M, peak: 382M
current process commit charge ("private bytes"): 537M, peak: 539M

vm_info: Java HotSpot(TM) 64-Bit Server VM (16.0.2+7-67) for windows-amd64 JRE (16.0.2+7-67), built on Jun  8 2021 23:24:19 by "mach5one" with MS VC++ 16.7 (VS2019)

END.
